\BOOKMARK [0][-]{chapter.1}{\376\377\137\305\211\201\147\000\117\116\226\120\060\156\127\017\212\326}{}% 1
\BOOKMARK [1][-]{section.1.1}{\376\377\212\370\133\232\177\251}{chapter.1}% 2
\BOOKMARK [1][-]{section.1.2}{\376\377\225\242\142\113\060\150\201\352\161\066\131\011\143\333}{chapter.1}% 3
\BOOKMARK [0][-]{chapter.2}{\376\377\060\333\060\342\060\355\060\270\060\374\060\156\133\232\177\251}{}% 4
\BOOKMARK [1][-]{section.2.1}{\376\377\060\301\060\247\060\244\060\363\211\007\117\123\060\156\133\232\177\251\060\150\116\343\145\160\166\204\140\047\214\352}{chapter.2}% 5
\BOOKMARK [2][-]{subsection.2.1.1}{\376\377\060\301\060\247\060\244\060\363\121\231\120\317}{section.2.1}% 6
\BOOKMARK [2][-]{subsection.2.1.2}{\376\377\060\301\060\247\060\244\060\363\060\373\060\333\060\342\060\310\060\324\060\374}{section.2.1}% 7
\BOOKMARK [2][-]{subsection.2.1.3}{\376\377\220\043\175\120\156\226\124\014\127\213\060\150\060\333\060\342\060\355\060\270\060\374\225\167\133\214\121\150\122\027}{section.2.1}% 8
\BOOKMARK [1][-]{section.2.2}{\376\377\145\164\145\160\117\302\145\160\162\171\165\160\060\333\060\342\060\355\060\270\060\374}{chapter.2}% 9
\BOOKMARK [2][-]{subsection.2.2.1}{\376\377\152\031\156\226\000\040\000q\000\040\123\130\117\123\060\153\060\210\060\213\151\313\142\020}{section.2.2}% 10
\BOOKMARK [2][-]{subsection.2.2.2}{\376\377\116\000\160\271\060\156\060\333\060\342\060\355\060\270\060\374}{section.2.2}% 11
\BOOKMARK [2][-]{subsection.2.2.3}{\376\377\060\333\060\342\060\310\060\324\060\374\116\015\131\011\140\047}{section.2.2}% 12
\BOOKMARK [1][-]{section.2.3}{\376\377\000M\000a\000y\000e\000r\000-\000V\000i\000e\000t\000o\000r\000i\000s\133\214\121\150\122\027}{chapter.2}% 13
\BOOKMARK [1][-]{section.2.4}{\376\377\172\172\225\223\133\376\060\156\162\171\165\160\060\333\060\342\060\355\060\270\060\374}{chapter.2}% 14
\BOOKMARK [2][-]{subsection.2.4.1}{\376\377\172\172\225\223\133\376\060\156\060\333\060\342\060\355\060\270\060\374\225\167\133\214\121\150\122\027}{section.2.4}% 15
\BOOKMARK [2][-]{subsection.2.4.2}{\376\377\212\230\134\016\156\226\124\014\127\213}{section.2.4}% 16
\BOOKMARK [2][-]{subsection.2.4.3}{\376\377\122\007\226\144\124\014\127\213}{section.2.4}% 17
\BOOKMARK [2][-]{subsection.2.4.4}{\376\377\172\172\225\223\133\376\060\156\000M\000a\000y\000e\000r\000-\000V\000i\000e\000t\000o\000r\000i\000s\133\214\121\150\122\027}{section.2.4}% 18
\BOOKMARK [1][-]{section.2.5}{\376\377\117\115\166\370\131\032\151\330\117\123\060\170\060\156\137\334\165\050}{chapter.2}% 19
\BOOKMARK [2][-]{subsection.2.5.1}{\376\377\121\231\120\317\136\246}{section.2.5}% 20
\BOOKMARK [2][-]{subsection.2.5.2}{\376\377\117\115\166\370\131\032\151\330\117\123\060\156\130\203\165\114\060\150\124\021\060\115\116\330\060\121}{section.2.5}% 21
\BOOKMARK [2][-]{subsection.2.5.3}{\376\377\127\372\147\054\230\136}{section.2.5}% 22
\BOOKMARK [1][-]{section.2.6}{\376\377\060\301\060\247\060\244\060\363\211\007\117\123\116\012\060\156\060\306\060\363\060\275\060\353\060\150\000\040\000H\000o\000m\000\040\225\242\142\113}{chapter.2}% 23
\BOOKMARK [2][-]{subsection.2.6.1}{\376\377\060\301\060\247\060\244\060\363\211\007\117\123\060\150\000\040\000R\000\040\122\240\177\244\060\156\060\306\060\363\060\275\060\353\172\115}{section.2.6}% 24
\BOOKMARK [2][-]{subsection.2.6.2}{\376\377\000H\000o\000m\000R\000\040\000\040\000\050\000C\000,\000\040\000M\000\051}{section.2.6}% 25
\BOOKMARK [1][-]{section.2.7}{\376\377\000E\000i\000l\000e\000n\000b\000e\000r\000g\000-\000S\000t\000e\000e\000n\000r\000o\000d\121\154\164\006\174\373}{chapter.2}% 26
\BOOKMARK [0][-]{chapter.3}{\376\377\060\263\060\333\060\342\060\355\060\270\060\374\060\156\133\232\177\251}{}% 27
\BOOKMARK [1][-]{section.3.1}{\376\377\060\263\060\301\060\247\060\244\060\363\121\231\120\317}{chapter.3}% 28
\BOOKMARK [1][-]{section.3.2}{\376\377\162\171\165\160\060\263\060\333\060\342\060\355\060\270\060\374}{chapter.3}% 29
\BOOKMARK [2][-]{subsection.3.2.1}{\376\377\000K\000r\000o\000n\000e\000c\000k\000e\000r\121\231\120\317}{section.3.2}% 30
\BOOKMARK [2][-]{subsection.3.2.2}{\376\377\225\242\142\113\140\047}{section.3.2}% 31
\BOOKMARK [1][-]{section.3.3}{\376\377\060\263\060\333\060\342\060\355\060\270\060\374\060\156\000E\000i\000l\000e\000n\000b\000e\000r\000g\000-\000S\000t\000e\000e\000n\000r\000o\000d\121\154\164\006\174\373}{chapter.3}% 32
\BOOKMARK [0][-]{chapter.4}{\376\377\060\333\060\342\060\355\060\270\060\374\116\343\145\160}{}% 33
\BOOKMARK [1][-]{section.4.1}{\376\377\212\370\133\232\177\251}{chapter.4}% 34
\BOOKMARK [2][-]{subsection.4.1.1}{\376\377\134\004\137\161\166\204\122\240\177\244}{section.4.1}% 35
\BOOKMARK [2][-]{subsection.4.1.2}{\376\377\123\130\134\004\166\204\122\240\177\244}{section.4.1}% 36
\BOOKMARK [2][-]{subsection.4.1.3}{\376\377\136\163\127\146\122\240\177\244\060\373\161\041\143\173\122\240\177\244}{section.4.1}% 37
\BOOKMARK [1][-]{section.4.2}{\376\377\134\004\137\161\166\204\122\006\211\343\060\150\123\130\134\004\166\204\122\006\211\343}{chapter.4}% 38
\BOOKMARK [2][-]{subsection.4.2.1}{\376\377\134\004\137\161\166\204\122\006\211\343}{section.4.2}% 39
\BOOKMARK [2][-]{subsection.4.2.2}{\376\377\123\130\134\004\166\204\122\006\211\343}{section.4.2}% 40
\BOOKMARK [1][-]{section.4.3}{\376\377\000`\0003\003\001\0009\000`\0004\0002\000`\000"\003\007\0006\0001\0003\000A\000`\000`\0004\0005\000`\0004\0007\000`\000"\0006\0000\0003\000A\000T\000o\000r\000\040\060\150\000\040\000`\0003\003\001\0009\000`\0004\0002\000`\000"\003\007\0006\0001\0003\000A\000`\000`\0004\0005\000`\0004\0007\000`\000"\0006\0000\0003\000A\000E\000x\000t}{chapter.4}% 41
\BOOKMARK [2][-]{subsection.4.3.1}{\376\377\211\007\117\123\060\156\127\017}{section.4.3}% 42
\BOOKMARK [2][-]{subsection.4.3.2}{\376\377\000`\0003\003\001\0009\000`\0004\0002\000`\000"\003\007\0006\0001\0003\000A\000`\000`\0004\0005\000`\0004\0007\000`\000"\0006\0000\0003\000A\000T\000o\000r\000\040\060\150\000\040\000`\0003\003\001\0009\000`\0004\0002\000`\000"\003\007\0006\0001\0003\000A\000`\000`\0004\0005\000`\0004\0007\000`\000"\0006\0000\0003\000A\000E\000x\000t\000\040\060\156\133\232\177\251}{section.4.3}% 43
\BOOKMARK [2][-]{subsection.4.3.3}{\376\377\000`\0003\003\001\0009\000`\0004\0002\000`\000"\003\007\0006\0001\0003\000A\000`\000`\0004\0005\000`\0004\0007\000`\000"\0006\0000\0003\000A\000T\000o\000r\000\040\060\153\225\242\060\131\060\213\134\017\133\232\164\006\226\306}{section.4.3}% 44
\BOOKMARK [2][-]{subsection.4.3.4}{\376\377\000`\0003\003\001\0009\000`\0004\0002\000`\000"\003\007\0006\0001\0003\000A\000`\000`\0004\0005\000`\0004\0007\000`\000"\0006\0000\0003\000A\000E\000x\000t\000\040\060\153\225\242\060\131\060\213\134\017\133\232\164\006\226\306}{section.4.3}% 45
\BOOKMARK [1][-]{section.4.4}{\376\377\134\016\147\145\225\242\142\113}{chapter.4}% 46
\BOOKMARK [2][-]{subsection.4.4.1}{\376\377\135\346\134\016\147\145\225\242\142\113}{section.4.4}% 47
\BOOKMARK [2][-]{subsection.4.4.2}{\376\377\135\346\000C\000a\000r\000t\000a\000n\000-\000E\000i\000l\000e\000n\000b\000e\000r\000g\122\006\211\343}{section.4.4}% 48
\BOOKMARK [2][-]{subsection.4.4.3}{\376\377\123\363\134\016\147\145\225\242\142\113}{section.4.4}% 49
\BOOKMARK [1][-]{section.4.5}{\376\377\060\271\060\332\060\257\060\310\060\353\174\373\122\027}{chapter.4}% 50
\BOOKMARK [2][-]{subsection.4.5.1}{\376\377\000f\000i\000l\000t\000r\000a\000t\000i\000o\000n\060\150\060\271\060\332\060\257\060\310\060\353\174\373\122\027\060\156\133\232\177\251}{section.4.5}% 51
\BOOKMARK [2][-]{subsection.4.5.2}{\376\377\133\214\121\150\133\376\060\153\060\210\060\213\060\271\060\332\060\257\060\310\060\353\174\373\122\027\060\156\151\313\142\020}{section.4.5}% 52
\BOOKMARK [1][-]{section.4.6}{\376\377\060\271\060\332\060\257\060\310\060\353\174\373\122\027\060\156\212\010\173\227\117\213}{chapter.4}% 53
\BOOKMARK [2][-]{subsection.4.6.1}{\376\377\000E\000r\000\040\230\005\060\114\165\216\060\152\130\064\124\010}{section.4.6}% 54
\BOOKMARK [2][-]{subsection.4.6.2}{\376\377\116\214\221\315\211\007\117\123\060\153\060\210\060\213\060\271\060\332\060\257\060\310\060\353\174\373\122\027}{section.4.6}% 55
\BOOKMARK [2][-]{subsection.4.6.3}{\376\377\000K\000\374\000n\000n\000e\000t\000h\060\271\060\332\060\257\060\310\060\353\174\373\122\027\060\150\146\156\220\115\117\302\145\160\133\232\164\006}{section.4.6}% 56
\BOOKMARK [0][-]{chapter.5}{\376\377\172\115}{}% 57
\BOOKMARK [1][-]{section.5.1}{\376\377\000E\000i\000l\000e\000n\000b\000e\000r\000g\000-\000Z\000i\000l\000b\000e\000r\121\231\120\317}{chapter.5}% 58
\BOOKMARK [1][-]{section.5.2}{\376\377\060\257\060\355\060\271\172\115}{chapter.5}% 59
\BOOKMARK [2][-]{subsection.5.2.1}{\376\377\060\333\060\342\060\355\060\270\060\374\060\156\060\257\060\355\060\271\172\115}{section.5.2}% 60
\BOOKMARK [2][-]{subsection.5.2.2}{\376\377\060\263\060\333\060\342\060\355\060\270\060\374\060\156\060\257\060\355\060\271\172\115}{section.5.2}% 61
\BOOKMARK [1][-]{section.5.3}{\376\377\060\253\060\303\060\327\172\115\060\150\060\255\060\343\060\303\060\327\172\115}{chapter.5}% 62
\BOOKMARK [2][-]{subsection.5.3.1}{\376\377\060\253\060\303\060\327\172\115\060\150\162\171\165\160\060\263\060\333\060\342\060\355\060\270\060\374\060\156\164\260\151\313\220\040}{section.5.3}% 63
\BOOKMARK [2][-]{subsection.5.3.2}{\376\377\060\255\060\343\060\303\060\327\172\115\060\150\162\171\165\160\060\333\060\342\060\355\060\270\060\374\060\156\122\240\177\244\151\313\220\040}{section.5.3}% 64
\BOOKMARK [2][-]{subsection.5.3.3}{\376\377\060\271\060\351\060\363\060\310\172\115}{section.5.3}% 65
\BOOKMARK [1][-]{section.5.4}{\376\377\172\172\225\223\133\376\060\156\060\253\060\303\060\327\060\150\060\255\060\343\060\303\060\327}{chapter.5}% 66
\BOOKMARK [1][-]{section.5.5}{\376\377\000P\000o\000i\000n\000c\000a\000r\000\353\123\314\133\376}{chapter.5}% 67
\BOOKMARK [0][-]{chapter.6}{\376\377\060\325\060\241\060\244\060\320\060\374\147\137}{}% 68
\BOOKMARK [1][-]{section.6.1}{\376\377\060\325\060\241\060\244\060\320\060\374\147\137}{chapter.6}% 69
\BOOKMARK [2][-]{subsection.6.1.1}{\376\377\117\115\166\370\177\244\060\156\117\134\165\050}{section.6.1}% 70
\BOOKMARK [2][-]{subsection.6.1.2}{\376\377\060\325\060\241\060\244\060\320\060\374\147\137}{section.6.1}% 71
\BOOKMARK [1][-]{section.6.2}{\376\377\116\073\147\137}{chapter.6}% 72
\BOOKMARK [2][-]{subsection.6.2.1}{\376\377\116\073\147\137\060\113\060\211\060\325\060\241\060\244\060\320\060\374\147\137\060\222\151\313\142\020\060\131\060\213}{section.6.2}% 73
\BOOKMARK [1][-]{section.6.3}{\376\377\151\313\220\040\177\244\060\156\123\316\176\056}{chapter.6}% 74
\BOOKMARK [1][-]{section.6.4}{\376\377\147\137\121\231\120\317\060\150\137\025\060\115\142\073\060\127}{chapter.6}% 75
\BOOKMARK [0][-]{chapter.7}{\376\377\060\325\060\241\060\244\060\326\060\354\060\374\060\267\060\347\060\363\060\373\060\263\060\325\060\241\060\244\060\326\060\354\060\374\060\267\060\347\060\363\060\373\060\333\060\342\060\310\060\324\060\374\177\244}{}% 76
\BOOKMARK [1][-]{section.7.1}{\376\377\060\325\060\241\060\244\060\326\060\354\060\374\060\267\060\347\060\363}{chapter.7}% 77
\BOOKMARK [2][-]{subsection.7.1.1}{\376\377\000H\000L\000P\060\150\060\325\060\241\060\244\060\326\060\354\060\374\060\267\060\347\060\363\060\156\133\232\177\251}{section.7.1}% 78
\BOOKMARK [2][-]{subsection.7.1.2}{\376\377\060\325\060\241\060\244\060\326\060\354\060\374\060\267\060\347\060\363\060\156\060\325\060\241\060\244\060\320\060\374}{section.7.1}% 79
\BOOKMARK [2][-]{subsection.7.1.3}{\376\377\220\123\060\156\172\172\225\223\060\153\060\112\060\121\060\213\060\325\060\241\060\244\060\326\060\354\060\374\060\267\060\347\060\363}{section.7.1}% 80
\BOOKMARK [2][-]{subsection.7.1.4}{\376\377\060\325\060\241\060\244\060\326\060\354\060\374\060\267\060\347\060\363\060\156\060\333\060\342\060\310\060\324\060\374}{section.7.1}% 81
\BOOKMARK [2][-]{subsection.7.1.5}{\376\377\220\043\175\232\121\231\120\317\060\222\060\325\060\241\060\244\060\326\060\354\060\374\060\267\060\347\060\363\060\153\177\156\060\115\143\333\060\110\060\213}{section.7.1}% 82
\BOOKMARK [1][-]{section.7.2}{\376\377\060\263\060\325\060\241\060\244\060\326\060\354\060\374\060\267\060\347\060\363}{chapter.7}% 83
\BOOKMARK [2][-]{subsection.7.2.1}{\376\377\000H\000E\000P\060\150\060\263\060\325\060\241\060\244\060\326\060\354\060\374\060\267\060\347\060\363\060\156\133\232\177\251}{section.7.2}% 84
\BOOKMARK [2][-]{subsection.7.2.2}{\376\377\220\043\175\232\121\231\120\317\060\222\060\263\060\325\060\241\060\244\060\326\060\354\060\374\060\267\060\347\060\363\060\153\177\156\060\115\143\333\060\110\060\213}{section.7.2}% 85
\BOOKMARK [1][-]{section.7.3}{\376\377\060\333\060\342\060\310\060\324\060\374\226\306\124\010}{chapter.7}% 86
\BOOKMARK [2][-]{subsection.7.3.1}{\376\377\133\214\121\150\122\027}{section.7.3}% 87
\BOOKMARK [2][-]{subsection.7.3.2}{\376\377\060\271\060\336\060\303\060\267\060\345\172\115}{section.7.3}% 88
\BOOKMARK [2][-]{subsection.7.3.3}{\376\377\000P\000u\000p\000p\000e\174\373\122\027}{section.7.3}% 89
\BOOKMARK [1][-]{section.7.4}{\376\377\060\333\060\342\060\310\060\324\060\374\177\244}{chapter.7}% 90
\BOOKMARK [1][-]{section.7.5}{\376\377\166\370\133\376\060\333\060\342\060\310\060\324\060\374\177\244}{chapter.7}% 91
\BOOKMARK [1][-]{section.7.6}{\376\377\060\333\060\342\060\310\060\324\060\374\226\306\124\010\060\170\060\156\127\372\147\054\177\244\060\156\117\134\165\050}{chapter.7}% 92
\BOOKMARK [2][-]{subsection.7.6.1}{\376\377\127\372\147\054\177\244\060\156\117\134\165\050}{section.7.6}% 93
\BOOKMARK [2][-]{subsection.7.6.2}{\376\377\210\253\211\206\172\172\225\223\060\153\060\210\060\213\145\271\154\325}{section.7.6}% 94
\BOOKMARK [1][-]{section.7.7}{\376\377\000H\000u\000r\000e\000w\000i\000c\000z\060\156\133\232\164\006}{chapter.7}% 95
\BOOKMARK [0][-]{appendix.A}{\376\377\060\333\060\342\060\355\060\270\060\374\116\343\145\160\060\153\121\145\225\200\060\131\060\213\060\137\060\201\060\156\116\013\156\226\120\231}{}% 96
\BOOKMARK [1][-]{section.A.1}{\376\377\126\363\137\017}{appendix.A}% 97
\BOOKMARK [2][-]{subsection.A.1.1}{\376\377\123\357\143\333\126\363\137\017}{section.A.1}% 98
\BOOKMARK [2][-]{subsection.A.1.2}{\376\377\126\363\137\017\060\156\127\017}{section.A.1}% 99
\BOOKMARK [2][-]{subsection.A.1.3}{\376\377\060\325\060\243\060\353\060\277\060\374\060\311\060\152\127\017}{section.A.1}% 100
\BOOKMARK [1][-]{section.A.2}{\376\377\133\214\121\150\122\027\060\150\206\307\060\156\210\334\230\114}{appendix.A}% 101
\BOOKMARK [1][-]{section.A.3}{\376\377\146\156\220\115\140\047\060\153\060\210\060\213\212\370\133\232\177\251}{appendix.A}% 102
\BOOKMARK [2][-]{subsection.A.3.1}{\376\377\150\070\060\373\117\131\150\070}{section.A.3}% 103
\BOOKMARK [2][-]{subsection.A.3.2}{\376\377\166\364\124\214\060\373\166\364\172\115}{section.A.3}% 104
\BOOKMARK [2][-]{subsection.A.3.3}{\376\377\060\306\060\363\060\275\060\353\172\115}{section.A.3}% 105
\BOOKMARK [2][-]{subsection.A.3.4}{\376\377\136\060\175\015\151\165\226\120\060\150\134\004\137\161\151\165\226\120}{section.A.3}% 106
\BOOKMARK [1][-]{section.A.4}{\376\377\136\060\175\015\151\165\226\120\060\150\134\004\137\161\151\165\226\120\060\156\140\047\214\352}{appendix.A}% 107
\BOOKMARK [0][-]{appendix.B}{\376\377\060\242\060\374\060\331\060\353\127\017}{}% 108
\BOOKMARK [1][-]{section.B.1}{\376\377\060\244\060\263\060\351\060\244\060\266}{appendix.B}% 109
\BOOKMARK [1][-]{section.B.2}{\376\377\060\242\060\374\060\331\060\353\127\017\060\153\225\242\060\217\060\213\212\370\133\232\177\251}{appendix.B}% 110
\BOOKMARK [1][-]{section.B.3}{\376\377\127\313\060\201\217\274\060\177\133\232\164\006}{appendix.B}% 111
\BOOKMARK [0][-]{appendix.C}{\376\377\117\115\166\370\177\244}{}% 112
\BOOKMARK [1][-]{section.C.1}{\376\377\133\232\177\251\060\150\127\372\147\054\166\204\060\152\140\047\214\352}{appendix.C}% 113
\BOOKMARK [0][-]{appendix.D}{\376\377\060\263\060\363\060\321\060\257\060\310\165\037\142\020\172\172\225\223\060\156\127\017}{}% 114
\BOOKMARK [1][-]{section.D.1}{\376\377\060\263\060\363\060\321\060\257\060\310\165\037\142\020\172\172\225\223}{appendix.D}% 115
\BOOKMARK [2][-]{subsection.D.1.1}{\376\377\173\111\123\026\121\231\120\317}{section.D.1}% 116
\BOOKMARK [2][-]{subsection.D.1.2}{\376\377\000H\000a\000u\000s\000d\000o\000r\000f\000f\172\172\225\223\060\156\127\017\060\113\060\211\060\156\225\242\142\113}{section.D.1}% 117
\BOOKMARK [2][-]{subsection.D.1.3}{\376\377\127\017\000\040\000C\000G\000\040\060\156\172\115}{section.D.1}% 118
\BOOKMARK [2][-]{subsection.D.1.4}{\376\377\127\017\000\040\000C\000G\000\040\060\156\225\242\145\160\172\172\225\223}{section.D.1}% 119
\BOOKMARK [1][-]{section.D.2}{\376\377\127\372\160\271\116\330\060\115\060\263\060\363\060\321\060\257\060\310\165\037\142\020\172\172\225\223}{appendix.D}% 120
\BOOKMARK [2][-]{subsection.D.2.1}{\376\377\127\372\160\271\116\330\060\115\172\172\225\223}{section.D.2}% 121
\BOOKMARK [2][-]{subsection.D.2.2}{\376\377\127\017\000\040\000C\000G\0000\000\040\060\156\172\115\060\150\124\214}{section.D.2}% 122
\BOOKMARK [2][-]{subsection.D.2.3}{\376\377\127\017\000\040\000C\000G\0000\000\040\060\156\225\242\145\160\172\172\225\223}{section.D.2}% 123
\BOOKMARK [1][-]{section.D.3}{\376\377\227\136\220\000\123\026\060\152\127\372\160\271\060\222\143\001\060\144\060\263\060\363\060\321\060\257\060\310\165\037\142\020\172\172\225\223}{appendix.D}% 124
\BOOKMARK [0][-]{appendix*.94}{\376\377\123\302\200\003\145\207\163\056}{}% 125
