This is LuaHBTeX, Version 1.16.0 (TeX Live 2023)  (format=lualatex 2023.3.29)  11 MAY 2023 16:32
 restricted system commands enabled.
 file:line:error style messages enabled.
**/Users/takamatoshinori/Desktop/LaTeX/PhysLab_mp/algtopo/algtopo/chap5.tex
(/Users/takamatoshinori/Desktop/LaTeX/PhysLab_mp/algtopo/algtopo/chap5.tex
LaTeX2e <2022-11-01> patch level 1
Lua module: luaotfload 2022-10-03 3.23 Lua based OpenType font support
Lua module: lualibs 2022-10-04 2.75 ConTeXt Lua standard libraries.
Lua module: lualibs-extended 2022-10-04 2.75 ConTeXt Lua libraries -- extended collection.
luaotfload | conf : Root cache directory is "/Users/takamatoshinori/Library/texlive/2023/texmf-var/luatex-cache/generic/names".
luaotfload | init : Loading fontloader "fontloader-2022-10-03.lua" from kpse-resolved path "/usr/local/texlive/2023/texmf-dist/tex/luatex/luaotfload/fontloader-2022-10-03.lua".
Lua-only attribute luaotfload@noligature = 1
luaotfload | init : Context OpenType loader version 3.120
Inserting `luaotfload.node_processor' in `pre_linebreak_filter'.
Inserting `luaotfload.node_processor' in `hpack_filter'.
Inserting `luaotfload.glyph_stream' in `glyph_stream_provider'.
Inserting `luaotfload.define_font' in `define_font'.
Lua-only attribute luaotfload_color_attribute = 2
luaotfload | conf : Root cache directory is "/Users/takamatoshinori/Library/texlive/2023/texmf-var/luatex-cache/generic/names".
Inserting `luaotfload.harf.strip_prefix' in `find_opentype_file'.
Inserting `luaotfload.harf.strip_prefix' in `find_truetype_file'.
Removing  `luaotfload.glyph_stream' from `glyph_stream_provider'.
Inserting `luaotfload.harf.glyphstream' in `glyph_stream_provider'.
Inserting `luaotfload.harf.finalize_vlist' in `post_linebreak_filter'.
Inserting `luaotfload.harf.finalize_hlist' in `hpack_filter'.
Inserting `luaotfload.cleanup_files' in `wrapup_run'.
Inserting `luaotfload.harf.finalize_unicode' in `finish_pdffile'.
Inserting `luaotfload.glyphinfo' in `glyph_info'.
Lua-only attribute luaotfload.letterspace_done = 3
Inserting `luaotfload.aux.set_sscale_dimens' in `luaotfload.patch_font'.
Inserting `luaotfload.aux.set_font_index' in `luaotfload.patch_font'.
Inserting `luaotfload.aux.patch_cambria_domh' in `luaotfload.patch_font'.
Inserting `luaotfload.aux.fixup_fontdata' in `luaotfload.patch_font_unsafe'.
Inserting `luaotfload.aux.set_capheight' in `luaotfload.patch_font'.
Inserting `luaotfload.aux.set_xheight' in `luaotfload.patch_font'.
Inserting `luaotfload.rewrite_fontname' in `luaotfload.patch_font'. L3 programming layer <2023-02-22>
Inserting `tracingstacklevels' in `input_level_string'. (/usr/local/texlive/2023/texmf-dist/tex/latex/subfiles/subfiles.cls
Document Class: subfiles 2020/11/14 v2.2 Multi-file projects (class)
Preamble taken from file `algtopo_main'
(/usr/local/texlive/2023/texmf-dist/tex/latex/import/import.sty
Package: import 2020/04/01  v 6.2
) (./algtopo_main.tex (/usr/local/texlive/2023/texmf-dist/tex/luatex/luatexja/ltjsreport.cls
Document Class: ltjsreport 2022/09/12 ltjsclasses 
(/usr/local/texlive/2023/texmf-dist/tex/luatex/luatexja/luatexja.sty
Package: luatexja 2023-02-11 Japanese Typesetting with Lua(La)TeX
 (/usr/local/texlive/2023/texmf-dist/tex/luatex/luatexja/luatexja-core.sty
Package: luatexja-core 2023-02-11 Core of LuaTeX-ja
 (/usr/local/texlive/2023/texmf-dist/tex/luatex/luatexbase/luatexbase.sty
Package: luatexbase 2015/10/04 v1.3 luatexbase interface to LuaTeX 
 (/usr/local/texlive/2023/texmf-dist/tex/luatex/ctablestack/ctablestack.sty
Package: ctablestack 2015/10/01 v1.0 Catcode table stable support
\@catcodetablestackcnt=\count183
)
\CatcodeTableOther=\catcodetable12
\CatcodeTableExpl=\catcodetable13
) (/usr/local/texlive/2023/texmf-dist/tex/generic/ltxcmds/ltxcmds.sty
Package: ltxcmds 2020-05-10 v1.25 LaTeX kernel commands for general use (HO)
) (/usr/local/texlive/2023/texmf-dist/tex/generic/pdftexcmds/pdftexcmds.sty
Package: pdftexcmds 2020-06-27 v0.33 Utility functions of pdfTeX for LuaTeX (HO)
 (/usr/local/texlive/2023/texmf-dist/tex/generic/infwarerr/infwarerr.sty
Package: infwarerr 2019/12/03 v1.5 Providing info/warning/error messages (HO)
) (/usr/local/texlive/2023/texmf-dist/tex/generic/iftex/iftex.sty
Package: iftex 2022/02/03 v1.0f TeX engine tests
)
Package pdftexcmds Info: \pdf@primitive is available.
Package pdftexcmds Info: \pdf@ifprimitive is available.
Package pdftexcmds Info: \pdfdraftmode found.
\pdftexcmds@toks=\toks16
) (/usr/local/texlive/2023/texmf-dist/tex/latex/xkeyval/xkeyval.sty
Package: xkeyval 2022/06/16 v2.9 package option processing (HA)
 (/usr/local/texlive/2023/texmf-dist/tex/generic/xkeyval/xkeyval.tex (/usr/local/texlive/2023/texmf-dist/tex/generic/xkeyval/xkvutils.tex
\XKV@toks=\toks17
\XKV@tempa@toks=\toks18
 (/usr/local/texlive/2023/texmf-dist/tex/generic/xkeyval/keyval.tex))
\XKV@depth=\count184
File: xkeyval.tex 2014/12/03 v2.7a key=value parser (HA)
)) (/usr/local/texlive/2023/texmf-dist/tex/latex/etoolbox/etoolbox.sty
Package: etoolbox 2020/10/05 v2.5k e-TeX tools for LaTeX (JAW)
\etb@tempcnta=\count185
) (/usr/local/texlive/2023/texmf-dist/tex/latex/everyhook/everyhook.sty (/usr/local/texlive/2023/texmf-dist/tex/latex/svn-prov/svn-prov.sty
Package: svn-prov 2010/04/24 v3.1862 Package Date/Version from SVN Keywords
)
Package: everyhook 2014/11/26 v1.2 (SVN Rev: 12)\ Hooks for low level TeX everyX primitives.
\everypar=\toks19
\frozen@everymath=\toks20
\frozen@everydisplay=\toks21
\everyhbox=\toks22
\everyvbox=\toks23
\everycr=\toks24
)
\ltjlineendcomment=\count186
\ltj@dimen@zw=\dimen139
\ltj@dimen@zh=\dimen140
\ltj@dimen@jQ=\dimen141
\ltj@icflag=\attribute4
\ltj@curjfnt=\attribute5
\ltj@curtfnt=\attribute6
\ltj@charclass=\attribute7
\ltj@charcode=\attribute8
\ltj@autospc=\attribute9
\ltj@autoxspc=\attribute10
\ltj@yablshift=\attribute11
\ltj@ykblshift=\attribute12
\ltj@tablshift=\attribute13
\ltj@tkblshift=\attribute14
\jfam=\attribute15
\ltj@vert@ori=\attribute16
\ltj@dir=\attribute17
\ltj@@japanese=\language2
\ltj@tempcnta=\count187
\ltj@tempdima=\dimen142
\ltj@@stack=\count188
\ltj@@group@level=\count189
\ltj@kcat0=\attribute18
\ltj@kcat1=\attribute19
\ltj@kcat2=\attribute20
\ltj@kcat3=\attribute21
\ltj@kcat4=\attribute22
\ltj@kcat5=\attribute23
\ltj@kcat6=\attribute24
Custom whatsit inhibitglue = 1
Custom whatsit stack_marker = 2
Custom whatsit begin_par = 3
Custom whatsit direction = 4
Custom whatsit box_boundary = 5
Custom whatsit ja_al_boundary = 6(load cache: ltj-cid-auto-adobe-japan1.luc)
Lua module: luatexja.charrange 2022-08-19 Handling the range of Japanese characters
Lua module: luatexja.stack 2022-08-20 LuaTeX-ja stack system
Inserting `ltj.create_dir_whatsit' in `hpack_filter'.
Inserting `ltj.create_dir_whatsit' in `post_linebreak_filter'.
Inserting `ltj.direction' in `vpack_filter'.
Inserting `ltj.direction' in `pre_output_filter'.
Inserting `ltj.lineskip' in `post_linebreak_filter'.
Inserting `ltj.lineskip' in `append_to_vlist_filter'.
Lua module: luatexja.jfont 2022-08-20 Loader for Japanese fonts
Removing  `luaotfload.define_font' from `define_font'.
Inserting `luatexja.font_callback' in `define_font'.
Removing  `luaotfload.aux.set_sscale_dimens' from `luaotfload.patch_font'.
Removing  `luaotfload.aux.set_font_index' from `luaotfload.patch_font'.
Removing  `luaotfload.aux.patch_cambria_domh' from `luaotfload.patch_font'.
Removing  `luaotfload.aux.set_capheight' from `luaotfload.patch_font'.
Removing  `luaotfload.aux.set_xheight' from `luaotfload.patch_font'.
Removing  `luaotfload.rewrite_fontname' from `luaotfload.patch_font'.
Inserting `ltj.prepare_extra_data' in `luaotfload.patch_font'.
Inserting `luaotfload.aux.set_sscale_dimens' in `luaotfload.patch_font'.
Inserting `luaotfload.aux.set_font_index' in `luaotfload.patch_font'.
Inserting `luaotfload.aux.patch_cambria_domh' in `luaotfload.patch_font'.
Inserting `luaotfload.aux.set_capheight' in `luaotfload.patch_font'.
Inserting `luaotfload.aux.set_xheight' in `luaotfload.patch_font'.
Inserting `luaotfload.rewrite_fontname' in `luaotfload.patch_font'.
Inserting `ltj.prepare_extra_data' in `luatexja.define_font'.
Inserting `ltj.get_vert_form' in `luatexja.define_jfont'.
Removing  `ltj.prepare_extra_data' from `luaotfload.patch_font'.
Removing  `luaotfload.aux.set_sscale_dimens' from `luaotfload.patch_font'.
Removing  `luaotfload.aux.set_font_index' from `luaotfload.patch_font'.
Removing  `luaotfload.aux.patch_cambria_domh' from `luaotfload.patch_font'.
Removing  `luaotfload.aux.set_capheight' from `luaotfload.patch_font'.
Removing  `luaotfload.aux.set_xheight' from `luaotfload.patch_font'.
Removing  `luaotfload.rewrite_fontname' from `luaotfload.patch_font'.
Inserting `ltj.supply_tounicode' in `luaotfload.patch_font'.
Inserting `ltj.prepare_extra_data' in `luaotfload.patch_font'.
Inserting `luaotfload.aux.set_sscale_dimens' in `luaotfload.patch_font'.
Inserting `luaotfload.aux.set_font_index' in `luaotfload.patch_font'.
Inserting `luaotfload.aux.patch_cambria_domh' in `luaotfload.patch_font'.
Inserting `luaotfload.aux.set_capheight' in `luaotfload.patch_font'.
Inserting `luaotfload.aux.set_xheight' in `luaotfload.patch_font'.
Inserting `luaotfload.rewrite_fontname' in `luaotfload.patch_font'.
Inserting `ltj.process_input_buffer' in `process_input_buffer'.
Inserting `ltj.hyphenate' in `hyphenate'.
Removing  `luaotfload.node_processor' from `hpack_filter'.
Removing  `luaotfload.harf.finalize_hlist' from `hpack_filter'.
Removing  `ltj.create_dir_whatsit' from `hpack_filter'.
Inserting `ltj.set_stack_level' in `hpack_filter'.
Inserting `luaotfload.node_processor' in `hpack_filter'.
Inserting `luaotfload.harf.finalize_hlist' in `hpack_filter'.
Inserting `ltj.create_dir_whatsit' in `hpack_filter'.
Removing  `luaotfload.node_processor' from `pre_linebreak_filter'.
Inserting `ltj.set_stack_level' in `pre_linebreak_filter'.
Inserting `luaotfload.node_processor' in `pre_linebreak_filter'.
Lua module: luatexja.jfmglue 2022-08-29 Insertion process of JFM glues, [x]kanjiskip and others
Inserting `luatexja.beginpar.np_info' in `luatexja.jfmglue.whatsit_getinfo'.
Inserting `luatexja.beginpar.np_info_after' in `luatexja.jfmglue.whatsit_after'.
Inserting `ltj.mlist_to_hlist_pre' in `pre_mlist_to_hlist_filter'.
Inserting `ltj.main' in `pre_linebreak_filter'.
Removing  `luaotfload.harf.finalize_hlist' from `hpack_filter'.
Removing  `ltj.create_dir_whatsit' from `hpack_filter'.
Inserting `ltj.main' in `hpack_filter'.
Inserting `luaotfload.harf.finalize_hlist' in `hpack_filter'.
Inserting `ltj.create_dir_whatsit' in `hpack_filter'.
Removing  `ltj.set_stack_level' from `pre_linebreak_filter'.
Removing  `luaotfload.node_processor' from `pre_linebreak_filter'.
Removing  `ltj.main' from `pre_linebreak_filter'.
Inserting `ltj.adjust_icflag' in `pre_linebreak_filter'.
Inserting `ltj.set_stack_level' in `pre_linebreak_filter'.
Inserting `luaotfload.node_processor' in `pre_linebreak_filter'.
Inserting `ltj.main' in `pre_linebreak_filter'.
Removing  `ltj.set_stack_level' from `hpack_filter'.
Removing  `luaotfload.node_processor' from `hpack_filter'.
Removing  `ltj.main' from `hpack_filter'.
Removing  `luaotfload.harf.finalize_hlist' from `hpack_filter'.
Removing  `ltj.create_dir_whatsit' from `hpack_filter'.
Inserting `ltj.adjust_icflag' in `hpack_filter'.
Inserting `ltj.set_stack_level' in `hpack_filter'.
Inserting `luaotfload.node_processor' in `hpack_filter'.
Inserting `ltj.main' in `hpack_filter'.
Inserting `luaotfload.harf.finalize_hlist' in `hpack_filter'.
Inserting `ltj.create_dir_whatsit' in `hpack_filter'. (/usr/local/texlive/2023/texmf-dist/tex/luatex/luatexja/ltj-base.sty
Package: ltj-base 2021-03-16
\ltj@tempcntb=\count190
\ltj@tempcntc=\count191
\ltj@afbox=\box51
)
\ltj@@italic@inner=\luafunction26
\ltj@@start@time@measure@inner=\luafunction27
\ltj@@stop@time@measure@inner=\luafunction28
\ltj@@jfont@inner=\luafunction29
\ltj@zw@inner=\luafunction30
\ltj@zh@inner=\luafunction31
\ltj@reset@globaldefs@inner=\luafunction32
\ltj@restore@globaldefs@inner=\luafunction33
\ltj@@disihb@inner=\luafunction34
\ltj@@ihb@inner=\luafunction35
\ltj@@fakeparbegin@inner=\luafunction36
\ltj@@fakeboxbdd@inner=\luafunction37
\ltj@@ins@xk@inner=\luafunction38
\ltj@@ins@k@inner=\luafunction39
\ltjsetkanjiskip@inner=\luafunction40
\ltjsetxkanjiskip@inner=\luafunction41
\ltj@@getparam@one@inner=\luafunction42
\ltj@alljachar@inner=\luafunction43
\ltj@@lua@populate@insertwhatsit@inner=\luafunction44
\ltj@@vadjust@begin@inner=\luafunction45
\ltj@@vadjust@dirhook@inner=\luafunction46
\ltj@@vadjust@check@dir@inner=\luafunction47
\ltj@@box@dirhook@inner=\luafunction48
\ltj@@reset@badness@inner=\luafunction49
\ltj@@lua@raisebox@inner=\luafunction50
\ltj@@vsplit@inner=\luafunction51
\ltj@@lua@unboxcheckdir@inner=\luafunction52
\ltj@@lua@uncopycheckdir@inner=\luafunction53
\ltj@@lua@uncopy@restore@whatsit@inner=\luafunction54
(load cache: ltj-kinsoku_default.luc) (/usr/local/texlive/2023/texmf-dist/tex/luatex/luatexja/ltj-latex.sty
Package: ltj-latex 2022-10-15 LaTeX support of LuaTeX-ja
Inserting `ltj.direction' in `pre_shipout_filter'. (/usr/local/texlive/2023/texmf-dist/tex/luatex/luatexja/patches/lltjfont.sty
Package: lltjfont 2021-05-26 Patch to NFSS2 for LuaTeX-ja
\ltj@@latex@plv=\count192
 (/usr/local/texlive/2023/texmf-dist/tex/latex/base/tuenc.def
File: tuenc.def 2021/04/29 v2.0v Standard LaTeX file
\@remove@tlig@@@=\luafunction55
LaTeX Font Info:    Redeclaring font encoding TU on input line 105.
)
\Cht=\dimen143
\cht=\dimen144
\Cdp=\dimen145
\cdp=\dimen146
\Cwd=\dimen147
\cwd=\dimen148
\Cvs=\dimen149
\cvs=\dimen150
\Chs=\dimen151
\chs=\dimen152
\cHT=\dimen153
\dstrutbox=\box52
\tstrutbox=\box53
\zstrutbox=\box54
LaTeX Info: Redefining \strut on input line 91.
\ltj@@add@fenc@@inner=\luafunction56
\ltj@@add@kyenc@@inner=\luafunction57
\ltj@@add@ktenc@@inner=\luafunction58
\ltj@@is@kyenc@@inner=\luafunction59
\ltj@@is@ktenc@@inner=\luafunction60
\ltj@@is@kenc@@inner=\luafunction61
\ltj@@is@ffam@@inner=\luafunction62
\ltj@@add@ffam@@inner=\luafunction63
\ltj@@add@kfam@@inner=\luafunction64
\ltj@@adjust@baseline@inner=\luafunction65
LaTeX Info: Redefining \fontencoding on input line 646.
LaTeX Info: Redefining \fontfamily on input line 689.
LaTeX Info: Redefining \fontseries on input line 923.
LaTeX Info: Redefining \fontseriesforce on input line 924.
LaTeX Info: Redefining \fontshape on input line 944.
LaTeX Info: Redefining \fontshapeforce on input line 955.
\ltj@@jfont@@jfmonly@@inner=\luafunction66
\ltj@@does@alt@set@@inner=\luafunction67
) (/usr/local/texlive/2023/texmf-dist/tex/luatex/luatexja/patches/lltjdefs.sty
Package: lltjdefs 2022-01-23 Default font settings of LuaTeX-ja
luaotfload | db : Font names database loaded from /Users/takamatoshinori/Library/texlive/2023/texmf-var/luatex-cache/generic/names/luaotfload-names.luc.gz(load cache: extra_lmroman10-regular.luc)
LaTeX Font Info:    Font shape `JT3/mc/m/n' will be
(Font)              scaled to size 9.24713pt on input line 79.

(/usr/local/texlive/2023/texmf-dist/tex/luatex/luatexja/jfm-ujisv.lua)
LaTeX Font Info:    Font shape `JY3/mc/m/n' will be
(Font)              scaled to size 9.24713pt on input line 79.
(load cache: extra_haranoajimincho-regular.luc)
(/usr/local/texlive/2023/texmf-dist/tex/luatex/luatexja/jfm-ujis.lua)
\symmincho=\mathgroup4
LaTeX Font Info:    Overwriting symbol font `mincho' in version `bold'
(Font)                  JY3/mc/m/n --> JY3/gt/m/n on input line 88.
) (/usr/local/texlive/2023/texmf-dist/tex/luatex/luatexja/patches/lltjcore.sty
Package: lltjcore 2022-05-30 Patch to LaTeX2e Kernel for LuaTeX-ja
 (/usr/local/texlive/2023/texmf-dist/tex/latex/l3kernel/expl3.sty
Package: expl3 2023-02-22 L3 programming layer (loader) 
 (/usr/local/texlive/2023/texmf-dist/tex/latex/l3backend/l3backend-luatex.def
File: l3backend-luatex.def 2023-01-16 L3 backend support: PDF output (LuaTeX)
\l__color_backend_stack_int=\count193
\l__pdf_internal_box=\box55
))
\@tombowwidth=\dimen154
\@TL=\box56
\@Tl=\box57
\@TC=\box58
\@TR=\box59
\@Tr=\box60
\@BL=\box61
\@Bl=\box62
\@BC=\box63
\@BR=\box64
\@Br=\box65
\@CL=\box66
\@CR=\box67
(load cache: extra_lmmono9-regular.luc)
\@bannertoken=\toks25
\@@paperheight=\dimen155
\@@paperwidth=\dimen156
\@@topmargin=\dimen157
LaTeX Info: Redefining \underline on input line 266.
) (/usr/local/texlive/2023/texmf-dist/tex/luatex/luatexja/patches/lltjp-atbegshi.sty
Package: lltjp-atbegshi 2022-08-12 Patching \shipout hooks for LuaTeX-ja
\l__platex_shipout_dummy_box=\box68
) (/usr/local/texlive/2023/texmf-dist/tex/luatex/luatexja/patches/lltjp-geometry.sty
Package: lltjp-geometry 2021-10-24 Patch to geometry for LuaTeX-ja with vertical writing mode
 (/usr/local/texlive/2023/texmf-dist/tex/generic/iftex/ifluatex.sty
Package: ifluatex 2019/10/25 v1.5 ifluatex legacy package. Use iftex instead.
)))
\ltj@temp@cctb=\catcodetable14
) (/usr/local/texlive/2023/texmf-dist/tex/luatex/luatexja/luatexja-compat.sty
Package: luatexja-compat 2020-08-08 Compatibility with pTeX
(load cache: ltj-jisx0208.luc)
\hour=\count194
\minute=\count195
))
\jsc@mpt=\dimen158
\jsc@mmm=\dimen159
\jsc@smallskipamount=\skip48
LaTeX Font Info:    Font shape `JY3/mc/m/n' will be
(Font)              scaled to size 9.24713pt on input line 420.
\fullwidth=\dimen160
(load cache: extra_lmroman8-regular.luc)
LaTeX Font Info:    Font shape `JT3/mc/m/n' will be
(Font)              scaled to size 7.3977pt on input line 547.
LaTeX Font Info:    Font shape `JY3/mc/m/n' will be
(Font)              scaled to size 7.3977pt on input line 547.
\c@part=\count196
\c@chapter=\count197
\c@section=\count198
\c@subsection=\count199
\c@subsubsection=\count266
\c@paragraph=\count267
\c@subparagraph=\count268
\@abstractbox=\box69
\c@figure=\count269
\c@table=\count270
\abovecaptionskip=\skip49
\belowcaptionskip=\skip50
LaTeX Info: Redefining \mc on input line 1275.
LaTeX Info: Redefining \gt on input line 1276.
\jsc@tocl@width=\dimen161
\@lnumwidth=\dimen162
\bibindent=\dimen163
 (/usr/local/texlive/2023/texmf-dist/tex/platex/jsclasses/jslogo.sty
Package: jslogo 2019/07/25 okumura, texjporg
LaTeX Info: Redefining \TeX on input line 82.
LaTeX Info: Redefining \LaTeX on input line 135.
LaTeX Info: Redefining \LaTeXe on input line 188.
)
\heisei=\count271
 (/usr/local/texlive/2023/texmf-dist/tex/latex/sttools/stfloats.sty
Package: stfloats 2017/03/27 v3.3 Improve float mechanism and baselineskip settings
\@dblbotnum=\count272
\c@dblbotnumber=\count273
) (/usr/local/texlive/2023/texmf-dist/tex/luatex/luatexja/patches/lltjp-stfloats.sty)) (/usr/local/texlive/2023/texmf-dist/tex/latex/xcolor/xcolor.sty
Package: xcolor 2022/06/12 v2.14 LaTeX color extensions (UK)
 (/usr/local/texlive/2023/texmf-dist/tex/latex/graphics-cfg/color.cfg
File: color.cfg 2016/01/02 v1.6 sample color configuration
)
Package xcolor Info: Driver file: luatex.def on input line 227.
 (/usr/local/texlive/2023/texmf-dist/tex/latex/graphics-def/luatex.def
File: luatex.def 2022/09/22 v1.2d Graphics/color driver for luatex
) (/usr/local/texlive/2023/texmf-dist/tex/latex/graphics/mathcolor.ltx)
Package xcolor Info: Model `cmy' substituted by `cmy0' on input line 1353.
Package xcolor Info: Model `hsb' substituted by `rgb' on input line 1357.
Package xcolor Info: Model `RGB' extended on input line 1369.
Package xcolor Info: Model `HTML' substituted by `rgb' on input line 1371.
Package xcolor Info: Model `Hsb' substituted by `hsb' on input line 1372.
Package xcolor Info: Model `tHsb' substituted by `hsb' on input line 1373.
Package xcolor Info: Model `HSB' substituted by `hsb' on input line 1374.
Package xcolor Info: Model `Gray' substituted by `gray' on input line 1375.
Package xcolor Info: Model `wave' substituted by `hsb' on input line 1376.
 (/usr/local/texlive/2023/texmf-dist/tex/latex/xcolor/svgnam.def
File: svgnam.def 2022/06/12 v2.14 Predefined colors according to SVG 1.1 (UK)
)) (/usr/local/texlive/2023/texmf-dist/tex/latex/hyperref/hyperref.sty
Package: hyperref 2023-02-07 v7.00v Hypertext links for LaTeX
 (/usr/local/texlive/2023/texmf-dist/tex/latex/kvsetkeys/kvsetkeys.sty
Package: kvsetkeys 2022-10-05 v1.19 Key value parser (HO)
) (/usr/local/texlive/2023/texmf-dist/tex/generic/kvdefinekeys/kvdefinekeys.sty
Package: kvdefinekeys 2019-12-19 v1.6 Define keys (HO)
) (/usr/local/texlive/2023/texmf-dist/tex/generic/pdfescape/pdfescape.sty
Package: pdfescape 2019/12/09 v1.15 Implements pdfTeX's escape features (HO)
) (/usr/local/texlive/2023/texmf-dist/tex/latex/hycolor/hycolor.sty
Package: hycolor 2020-01-27 v1.10 Color options for hyperref/bookmark (HO)
) (/usr/local/texlive/2023/texmf-dist/tex/latex/letltxmacro/letltxmacro.sty
Package: letltxmacro 2019/12/03 v1.6 Let assignment for LaTeX macros (HO)
) (/usr/local/texlive/2023/texmf-dist/tex/latex/auxhook/auxhook.sty
Package: auxhook 2019-12-17 v1.6 Hooks for auxiliary files (HO)
) (/usr/local/texlive/2023/texmf-dist/tex/latex/hyperref/nameref.sty
Package: nameref 2022-05-17 v2.50 Cross-referencing by name of section
 (/usr/local/texlive/2023/texmf-dist/tex/latex/refcount/refcount.sty
Package: refcount 2019/12/15 v3.6 Data extraction from label references (HO)
) (/usr/local/texlive/2023/texmf-dist/tex/generic/gettitlestring/gettitlestring.sty
Package: gettitlestring 2019/12/15 v1.6 Cleanup title references (HO)
 (/usr/local/texlive/2023/texmf-dist/tex/latex/kvoptions/kvoptions.sty
Package: kvoptions 2022-06-15 v3.15 Key value format for package options (HO)
))
\c@section@level=\count274
)
\@linkdim=\dimen164
\Hy@linkcounter=\count275
\Hy@pagecounter=\count276
 (/usr/local/texlive/2023/texmf-dist/tex/latex/hyperref/pd1enc.def
File: pd1enc.def 2023-02-07 v7.00v Hyperref: PDFDocEncoding definition (HO)
) (/usr/local/texlive/2023/texmf-dist/tex/generic/intcalc/intcalc.sty
Package: intcalc 2019/12/15 v1.3 Expandable calculations with integers (HO)
) (/usr/local/texlive/2023/texmf-dist/tex/generic/etexcmds/etexcmds.sty
Package: etexcmds 2019/12/15 v1.7 Avoid name clashes with e-TeX commands (HO)
)
\Hy@SavedSpaceFactor=\count277
 (/usr/local/texlive/2023/texmf-dist/tex/latex/hyperref/puenc.def
File: puenc.def 2023-02-07 v7.00v Hyperref: PDF Unicode definition (HO)
)
Package hyperref Info: Option `colorlinks' set `true' on input line 4060.
Package hyperref Info: Option `linktocpage' set `true' on input line 4060.
Package hyperref Info: Option `unicode' set `true' on input line 4060.
Package hyperref Info: Hyper figures OFF on input line 4177.
Package hyperref Info: Link nesting OFF on input line 4182.
Package hyperref Info: Hyper index ON on input line 4185.
Package hyperref Info: Plain pages OFF on input line 4192.
Package hyperref Info: Backreferencing OFF on input line 4197.
Package hyperref Info: Implicit mode ON; LaTeX internals redefined.
Package hyperref Info: Bookmarks ON on input line 4425.
\c@Hy@tempcnt=\count278
 (/usr/local/texlive/2023/texmf-dist/tex/latex/url/url.sty
\Urlmuskip=\muskip16
Package: url 2013/09/16  ver 3.4  Verb mode for urls, etc.
)
LaTeX Info: Redefining \url on input line 4763.
\XeTeXLinkMargin=\dimen165
 (/usr/local/texlive/2023/texmf-dist/tex/generic/bitset/bitset.sty
Package: bitset 2019/12/09 v1.3 Handle bit-vector datatype (HO)
 (/usr/local/texlive/2023/texmf-dist/tex/generic/bigintcalc/bigintcalc.sty
Package: bigintcalc 2019/12/15 v1.5 Expandable calculations on big integers (HO)
))
\Fld@menulength=\count279
\Field@Width=\dimen166
\Fld@charsize=\dimen167
Package hyperref Info: Hyper figures OFF on input line 6042.
Package hyperref Info: Link nesting OFF on input line 6047.
Package hyperref Info: Hyper index ON on input line 6050.
Package hyperref Info: backreferencing OFF on input line 6057.
Package hyperref Info: Link coloring ON on input line 6060.
Package hyperref Info: Link coloring with OCG OFF on input line 6067.
Package hyperref Info: PDF/A mode OFF on input line 6072.
 (/usr/local/texlive/2023/texmf-dist/tex/latex/base/atbegshi-ltx.sty
Package: atbegshi-ltx 2021/01/10 v1.0c Emulation of the original atbegshi
package with kernel methods
)
\Hy@abspage=\count280
\c@Item=\count281
\c@Hfootnote=\count282
)
Package hyperref Info: Driver (autodetected): hluatex.
 (/usr/local/texlive/2023/texmf-dist/tex/latex/hyperref/hluatex.def
File: hluatex.def 2023-02-07 v7.00v Hyperref driver for luaTeX
 (/usr/local/texlive/2023/texmf-dist/tex/generic/stringenc/stringenc.sty
Package: stringenc 2019/11/29 v1.12 Convert strings between diff. encodings (HO)
) (/usr/local/texlive/2023/texmf-dist/tex/latex/base/atveryend-ltx.sty
Package: atveryend-ltx 2020/08/19 v1.0a Emulation of the original atveryend package
with kernel methods
)
\Fld@listcount=\count283
\c@bookmark@seq@number=\count284
 (/usr/local/texlive/2023/texmf-dist/tex/latex/rerunfilecheck/rerunfilecheck.sty
Package: rerunfilecheck 2022-07-10 v1.10 Rerun checks for auxiliary files (HO)
 (/usr/local/texlive/2023/texmf-dist/tex/generic/uniquecounter/uniquecounter.sty
Package: uniquecounter 2019/12/15 v1.4 Provide unlimited unique counter (HO)
)
Package uniquecounter Info: New unique counter `rerunfilecheck' on input line 285.
)
\Hy@SectionHShift=\skip51
) (/usr/local/texlive/2023/texmf-dist/tex/latex/amsmath/amsmath.sty
Package: amsmath 2022/04/08 v2.17n AMS math features
\@mathmargin=\skip52

For additional information on amsmath, use the `?' option.
(/usr/local/texlive/2023/texmf-dist/tex/latex/amsmath/amstext.sty
Package: amstext 2021/08/26 v2.01 AMS text
 (/usr/local/texlive/2023/texmf-dist/tex/latex/amsmath/amsgen.sty
File: amsgen.sty 1999/11/30 v2.0 generic functions
\@emptytoks=\toks26
\ex@=\dimen168
)) (/usr/local/texlive/2023/texmf-dist/tex/latex/amsmath/amsbsy.sty
Package: amsbsy 1999/11/29 v1.2d Bold Symbols
\pmbraise@=\dimen169
) (/usr/local/texlive/2023/texmf-dist/tex/latex/amsmath/amsopn.sty
Package: amsopn 2022/04/08 v2.04 operator names
)
\inf@bad=\count285
LaTeX Info: Redefining \frac on input line 236.
\uproot@=\count286
\leftroot@=\count287
LaTeX Info: Redefining \overline on input line 399.
LaTeX Info: Redefining \colon on input line 410.
\classnum@=\count288
\DOTSCASE@=\count289
LaTeX Info: Redefining \ldots on input line 496.
LaTeX Info: Redefining \dots on input line 499.
LaTeX Info: Redefining \cdots on input line 620.
\Mathstrutbox@=\box70
\strutbox@=\box71
LaTeX Info: Redefining \big on input line 722.
LaTeX Info: Redefining \Big on input line 723.
LaTeX Info: Redefining \bigg on input line 724.
LaTeX Info: Redefining \Bigg on input line 725.
\big@size=\dimen170
LaTeX Font Info:    Redeclaring font encoding OML on input line 743.
LaTeX Font Info:    Redeclaring font encoding OMS on input line 744.
\macc@depth=\count290
LaTeX Info: Redefining \bmod on input line 905.
LaTeX Info: Redefining \pmod on input line 910.
LaTeX Info: Redefining \smash on input line 940.
LaTeX Info: Redefining \relbar on input line 970.
LaTeX Info: Redefining \Relbar on input line 971.
\c@MaxMatrixCols=\count291
\dotsspace@=\muskip17
\c@parentequation=\count292
\dspbrk@lvl=\count293
\tag@help=\toks27
\row@=\count294
\column@=\count295
\maxfields@=\count296
\andhelp@=\toks28
\eqnshift@=\dimen171
\alignsep@=\dimen172
\tagshift@=\dimen173
\tagwidth@=\dimen174
\totwidth@=\dimen175
\lineht@=\dimen176
\@envbody=\toks29
\multlinegap=\skip53
\multlinetaggap=\skip54
\mathdisplay@stack=\toks30
LaTeX Info: Redefining \[ on input line 2953.
LaTeX Info: Redefining \] on input line 2954.
) (/usr/local/texlive/2023/texmf-dist/tex/latex/amsfonts/amsfonts.sty
Package: amsfonts 2013/01/14 v3.01 Basic AMSFonts support
\symAMSa=\mathgroup5
\symAMSb=\mathgroup6
LaTeX Font Info:    Redeclaring math symbol \hbar on input line 98.
LaTeX Font Info:    Overwriting math alphabet `\mathfrak' in version `bold'
(Font)                  U/euf/m/n --> U/euf/b/n on input line 106.
) (/usr/local/texlive/2023/texmf-dist/tex/latex/amsfonts/amssymb.sty
Package: amssymb 2013/01/14 v3.01 AMS font symbols
) (/usr/local/texlive/2023/texmf-dist/tex/latex/amscls/amsthm.sty
Package: amsthm 2020/05/29 v2.20.6
\thm@style=\toks31
\thm@bodyfont=\toks32
\thm@headfont=\toks33
\thm@notefont=\toks34
\thm@headpunct=\toks35
\thm@preskip=\skip55
\thm@postskip=\skip56
\thm@headsep=\skip57
\dth@everypar=\toks36
) (/usr/local/texlive/2023/texmf-dist/tex/latex/mathtools/mathtools.sty
Package: mathtools 2022/06/29 v1.29 mathematical typesetting tools
 (/usr/local/texlive/2023/texmf-dist/tex/latex/tools/calc.sty
Package: calc 2017/05/25 v4.3 Infix arithmetic (KKT,FJ)
\calc@Acount=\count297
\calc@Bcount=\count298
\calc@Adimen=\dimen177
\calc@Bdimen=\dimen178
\calc@Askip=\skip58
\calc@Bskip=\skip59
LaTeX Info: Redefining \setlength on input line 80.
LaTeX Info: Redefining \addtolength on input line 81.
\calc@Ccount=\count299
\calc@Cskip=\skip60
) (/usr/local/texlive/2023/texmf-dist/tex/latex/mathtools/mhsetup.sty
Package: mhsetup 2021/03/18 v1.4 programming setup (MH)
)
\g_MT_multlinerow_int=\count300
\l_MT_multwidth_dim=\dimen179
\origjot=\skip61
\l_MT_shortvdotswithinadjustabove_dim=\dimen180
\l_MT_shortvdotswithinadjustbelow_dim=\dimen181
\l_MT_above_intertext_sep=\dimen182
\l_MT_below_intertext_sep=\dimen183
\l_MT_above_shortintertext_sep=\dimen184
\l_MT_below_shortintertext_sep=\dimen185
\xmathstrut@box=\box72
\xmathstrut@dim=\dimen186
) (/usr/local/texlive/2023/texmf-dist/tex/latex/jknapltx/mathrsfs.sty
Package: mathrsfs 1996/01/01 Math RSFS package v1.0 (jk)
\symrsfs=\mathgroup7
) (/usr/local/texlive/2023/texmf-dist/tex/latex/tools/bm.sty
Package: bm 2022/01/05 v1.2f Bold Symbol Support (DPC/FMi)
\symboldoperators=\mathgroup8
\symboldletters=\mathgroup9
\symboldsymbols=\mathgroup10
Package bm Info: No bold for \OMX/cmex/m/n, using \pmb.
\symboldmincho=\mathgroup11
Package bm Info: No bold for \U/msa/m/n, using \pmb.
Package bm Info: No bold for \U/msb/m/n, using \pmb.
Package bm Info: No bold for \U/rsfs/m/n, using \pmb.
LaTeX Font Info:    Redeclaring math alphabet \mathbf on input line 149.
) (/usr/local/texlive/2023/texmf-dist/tex/latex/cancel/cancel.sty
Package: cancel 2013/04/12 v2.2 Cancel math terms
) (/usr/local/texlive/2023/texmf-dist/tex/latex/siunitx/siunitx.sty
Package: siunitx 2023-03-04 v3.2.2 A comprehensive (SI) units package
\l__siunitx_angle_tmp_dim=\dimen187
\l__siunitx_angle_marker_box=\box73
\l__siunitx_angle_unit_box=\box74
\l__siunitx_compound_count_int=\count301
 (/usr/local/texlive/2023/texmf-dist/tex/latex/translations/translations.sty
Package: translations 2022/02/05 v1.12 internationalization of LaTeX2e packages (CN)
)
\l__siunitx_number_exponent_fixed_int=\count302
\l__siunitx_number_min_decimal_int=\count303
\l__siunitx_number_min_integer_int=\count304
\l__siunitx_number_round_precision_int=\count305
\l__siunitx_number_lower_threshold_int=\count306
\l__siunitx_number_upper_threshold_int=\count307
\l__siunitx_number_group_first_int=\count308
\l__siunitx_number_group_size_int=\count309
\l__siunitx_number_group_minimum_int=\count310
\l__siunitx_table_tmp_box=\box75
\l__siunitx_table_tmp_dim=\dimen188
\l__siunitx_table_column_width_dim=\dimen189
\l__siunitx_table_integer_box=\box76
\l__siunitx_table_decimal_box=\box77
\l__siunitx_table_uncert_box=\box78
\l__siunitx_table_before_box=\box79
\l__siunitx_table_after_box=\box80
\l__siunitx_table_before_dim=\dimen190
\l__siunitx_table_carry_dim=\dimen191
\l__siunitx_unit_tmp_int=\count311
\l__siunitx_unit_position_int=\count312
\l__siunitx_unit_total_int=\count313
 (/usr/local/texlive/2023/texmf-dist/tex/latex/tools/array.sty
Package: array 2022/09/04 v2.5g Tabular extension package (FMi)
\col@sep=\dimen192
\ar@mcellbox=\box81
\extrarowheight=\dimen193
\NC@list=\toks37
\extratabsurround=\skip62
\backup@length=\skip63
\ar@cellbox=\box82
)) (/usr/local/texlive/2023/texmf-dist/tex/luatex/luatexja/patches/lltjp-siunitx.sty) (/usr/local/texlive/2023/texmf-dist/tex/latex/physics/physics.sty
Package: physics 
 (/usr/local/texlive/2023/texmf-dist/tex/latex/l3packages/xparse/xparse.sty
Package: xparse 2023-02-02 L3 Experimental document command parser
)) (/usr/local/texlive/2023/texmf-dist/tex/latex/mhchem/mhchem.sty
Package: mhchem 2021/12/31 v4.09 for typesetting chemical formulae
 (/usr/local/texlive/2023/texmf-dist/tex/latex/l3packages/l3keys2e/l3keys2e.sty
Package: l3keys2e 2023-02-02 LaTeX2e option processing using LaTeX3 keys
) (/usr/local/texlive/2023/texmf-dist/tex/latex/chemgreek/chemgreek.sty
Package: chemgreek 2020/01/16 v1.1a interface for upright Greek letters for use in chemistry (CN)
\l__chemgreek_tmpa_int=\count314
\g__chemgreek_tmpa_int=\count315
) (/usr/local/texlive/2023/texmf-dist/tex/latex/graphics/graphics.sty
Package: graphics 2022/03/10 v1.4e Standard LaTeX Graphics (DPC,SPQR)
 (/usr/local/texlive/2023/texmf-dist/tex/latex/graphics/trig.sty
Package: trig 2021/08/11 v1.11 sin cos tan (DPC)
) (/usr/local/texlive/2023/texmf-dist/tex/latex/graphics-cfg/graphics.cfg
File: graphics.cfg 2016/06/04 v1.11 sample graphics configuration
)
Package graphics Info: Driver file: luatex.def on input line 107.
)
\l__mhchem_ce_distanceFromLastComma_int=\count316
\__mhchem_arrow_extPgfLength_skip=\skip64
\mhchem@minispace@tmp=\skip65
\mhchem@minibackspace@tmp=\skip66
\mhchem@bondwidth=\skip67
\mhchem@bondheight=\skip68
\mhchem@smallbondwidth@tmpA=\skip69
\mhchem@smallbondwidth@tmpB=\skip70
\mhchem@smallbondwidth=\skip71
\mhchem@bondtmp@minussidebearingleft=\skip72
\mhchem@bondtmp@minussidebearingright=\skip73
\l__mhchem_option_version_int=\count317
\mhchem@option@minusmathsidebearingleft=\dimen194
\mhchem@option@minusmathsidebearingright=\dimen195
\mhchem@option@minustextsidebearingleft=\dimen196
\mhchem@option@minustextsidebearingright=\dimen197
) (/usr/local/texlive/2023/texmf-dist/tex/latex/float/float.sty
Package: float 2001/11/08 v1.3d Float enhancements (AL)
\c@float@type=\count318
\float@exts=\toks38
\float@box=\box83
\@float@everytoks=\toks39
\@floatcapt=\box84
) (/usr/local/texlive/2023/texmf-dist/tex/latex/booktabs/booktabs.sty
Package: booktabs 2020/01/12 v1.61803398 Publication quality tables
\heavyrulewidth=\dimen198
\lightrulewidth=\dimen199
\cmidrulewidth=\dimen256
\belowrulesep=\dimen257
\belowbottomsep=\dimen258
\aboverulesep=\dimen259
\abovetopsep=\dimen260
\cmidrulesep=\dimen261
\cmidrulekern=\dimen262
\defaultaddspace=\dimen263
\@cmidla=\count319
\@cmidlb=\count320
\@aboverulesep=\dimen264
\@belowrulesep=\dimen265
\@thisruleclass=\count321
\@lastruleclass=\count322
\@thisrulewidth=\dimen266
) (/usr/local/texlive/2023/texmf-dist/tex/latex/multirow/multirow.sty
Package: multirow 2021/03/15 v2.8 Span multiple rows of a table
\multirow@colwidth=\skip74
\multirow@cntb=\count323
\multirow@dima=\skip75
\bigstrutjot=\dimen267
) (/usr/local/texlive/2023/texmf-dist/tex/latex/tools/hhline.sty
Package: hhline 2020/01/04 v2.04 Table rule package (DPC)
) (/usr/local/texlive/2023/texmf-dist/tex/latex/caption/subcaption.sty
Package: subcaption 2023/02/19 v1.6 Sub-captions (AR)
 (/usr/local/texlive/2023/texmf-dist/tex/latex/caption/caption.sty
Package: caption 2023/03/12 v3.6j Customizing captions (AR)
 (/usr/local/texlive/2023/texmf-dist/tex/latex/caption/caption3.sty
Package: caption3 2023/03/12 v2.4 caption3 kernel (AR)
\caption@tempdima=\dimen268
\captionmargin=\dimen269
\caption@leftmargin=\dimen270
\caption@rightmargin=\dimen271
\caption@width=\dimen272
\caption@indent=\dimen273
\caption@parindent=\dimen274
\caption@hangindent=\dimen275
Package caption Info: Unknown document class (or package),
(caption)             standard defaults will be used.
Package caption Info: \@makecaption = \long macro:#1#2->{\small \advance \leftskip .0628\linewidth \advance \rightskip .0628\linewidth \vskip \abovecaptionskip \sbox \@tempboxa {#1{\hskip 1\zw }#2}\ifdim \wd \@tempboxa <\hsize \centering \fi #1{\hskip 1\zw }#2\par \vskip \belowcaptionskip } on input line 1176.
)

Package caption Warning: Unknown document class (or package),
(caption)                standard defaults will be used.
See the caption package documentation for explanation.

\c@caption@flags=\count324
\c@continuedfloat=\count325
Package caption Info: float package is loaded.
Package caption Info: hyperref package is loaded.
)
Package caption Info: New subtype `subfigure' on input line 239.
\c@subfigure=\count326
Package caption Info: New subtype `subtable' on input line 239.
\c@subtable=\count327
) (/usr/local/texlive/2023/texmf-dist/tex/latex/graphics/graphicx.sty
Package: graphicx 2021/09/16 v1.2d Enhanced LaTeX Graphics (DPC,SPQR)
\Gin@req@height=\dimen276
\Gin@req@width=\dimen277
) (/usr/local/texlive/2023/texmf-dist/tex/latex/pgf/frontendlayer/tikz.sty (/usr/local/texlive/2023/texmf-dist/tex/latex/pgf/basiclayer/pgf.sty (/usr/local/texlive/2023/texmf-dist/tex/latex/pgf/utilities/pgfrcs.sty (/usr/local/texlive/2023/texmf-dist/tex/generic/pgf/utilities/pgfutil-common.tex
\pgfutil@everybye=\toks40
\pgfutil@tempdima=\dimen278
\pgfutil@tempdimb=\dimen279
) (/usr/local/texlive/2023/texmf-dist/tex/generic/pgf/utilities/pgfutil-latex.def
\pgfutil@abb=\box85
) (/usr/local/texlive/2023/texmf-dist/tex/generic/pgf/utilities/pgfrcs.code.tex (/usr/local/texlive/2023/texmf-dist/tex/generic/pgf/pgf.revision.tex)
Package: pgfrcs 2023-01-15 v3.1.10 (3.1.10)
))
Package: pgf 2023-01-15 v3.1.10 (3.1.10)
 (/usr/local/texlive/2023/texmf-dist/tex/latex/pgf/basiclayer/pgfcore.sty (/usr/local/texlive/2023/texmf-dist/tex/latex/pgf/systemlayer/pgfsys.sty (/usr/local/texlive/2023/texmf-dist/tex/generic/pgf/systemlayer/pgfsys.code.tex
Package: pgfsys 2023-01-15 v3.1.10 (3.1.10)
 (/usr/local/texlive/2023/texmf-dist/tex/generic/pgf/utilities/pgfkeys.code.tex
\pgfkeys@pathtoks=\toks41
\pgfkeys@temptoks=\toks42
 (/usr/local/texlive/2023/texmf-dist/tex/generic/pgf/utilities/pgfkeyslibraryfiltered.code.tex
\pgfkeys@tmptoks=\toks43
))
\pgf@x=\dimen280
\pgf@y=\dimen281
\pgf@xa=\dimen282
\pgf@ya=\dimen283
\pgf@xb=\dimen284
\pgf@yb=\dimen285
\pgf@xc=\dimen286
\pgf@yc=\dimen287
\pgf@xd=\dimen288
\pgf@yd=\dimen289
\w@pgf@writea=\write3
\r@pgf@reada=\read2
\c@pgf@counta=\count328
\c@pgf@countb=\count329
\c@pgf@countc=\count330
\c@pgf@countd=\count331
\t@pgf@toka=\toks44
\t@pgf@tokb=\toks45
\t@pgf@tokc=\toks46
\pgf@sys@id@count=\count332
 (/usr/local/texlive/2023/texmf-dist/tex/generic/pgf/systemlayer/pgf.cfg
File: pgf.cfg 2023-01-15 v3.1.10 (3.1.10)
)
Driver file for pgf: pgfsys-luatex.def
 (/usr/local/texlive/2023/texmf-dist/tex/generic/pgf/systemlayer/pgfsys-luatex.def
File: pgfsys-luatex.def 2023-01-15 v3.1.10 (3.1.10)
 (/usr/local/texlive/2023/texmf-dist/tex/generic/pgf/systemlayer/pgfsys-common-pdf.def
File: pgfsys-common-pdf.def 2023-01-15 v3.1.10 (3.1.10)
))) (/usr/local/texlive/2023/texmf-dist/tex/generic/pgf/systemlayer/pgfsyssoftpath.code.tex
File: pgfsyssoftpath.code.tex 2023-01-15 v3.1.10 (3.1.10)
\pgfsyssoftpath@smallbuffer@items=\count333
\pgfsyssoftpath@bigbuffer@items=\count334
) (/usr/local/texlive/2023/texmf-dist/tex/generic/pgf/systemlayer/pgfsysprotocol.code.tex
File: pgfsysprotocol.code.tex 2023-01-15 v3.1.10 (3.1.10)
)) (/usr/local/texlive/2023/texmf-dist/tex/generic/pgf/basiclayer/pgfcore.code.tex
Package: pgfcore 2023-01-15 v3.1.10 (3.1.10)
 (/usr/local/texlive/2023/texmf-dist/tex/generic/pgf/math/pgfmath.code.tex (/usr/local/texlive/2023/texmf-dist/tex/generic/pgf/math/pgfmathutil.code.tex) (/usr/local/texlive/2023/texmf-dist/tex/generic/pgf/math/pgfmathparser.code.tex
\pgfmath@dimen=\dimen290
\pgfmath@count=\count335
\pgfmath@box=\box86
\pgfmath@toks=\toks47
\pgfmath@stack@operand=\toks48
\pgfmath@stack@operation=\toks49
) (/usr/local/texlive/2023/texmf-dist/tex/generic/pgf/math/pgfmathfunctions.code.tex) (/usr/local/texlive/2023/texmf-dist/tex/generic/pgf/math/pgfmathfunctions.basic.code.tex) (/usr/local/texlive/2023/texmf-dist/tex/generic/pgf/math/pgfmathfunctions.trigonometric.code.tex) (/usr/local/texlive/2023/texmf-dist/tex/generic/pgf/math/pgfmathfunctions.random.code.tex) (/usr/local/texlive/2023/texmf-dist/tex/generic/pgf/math/pgfmathfunctions.comparison.code.tex) (/usr/local/texlive/2023/texmf-dist/tex/generic/pgf/math/pgfmathfunctions.base.code.tex) (/usr/local/texlive/2023/texmf-dist/tex/generic/pgf/math/pgfmathfunctions.round.code.tex) (/usr/local/texlive/2023/texmf-dist/tex/generic/pgf/math/pgfmathfunctions.misc.code.tex) (/usr/local/texlive/2023/texmf-dist/tex/generic/pgf/math/pgfmathfunctions.integerarithmetics.code.tex) (/usr/local/texlive/2023/texmf-dist/tex/generic/pgf/math/pgfmathcalc.code.tex) (/usr/local/texlive/2023/texmf-dist/tex/generic/pgf/math/pgfmathfloat.code.tex
\c@pgfmathroundto@lastzeros=\count336
)) (/usr/local/texlive/2023/texmf-dist/tex/generic/pgf/math/pgfint.code.tex) (/usr/local/texlive/2023/texmf-dist/tex/generic/pgf/basiclayer/pgfcorepoints.code.tex
File: pgfcorepoints.code.tex 2023-01-15 v3.1.10 (3.1.10)
\pgf@picminx=\dimen291
\pgf@picmaxx=\dimen292
\pgf@picminy=\dimen293
\pgf@picmaxy=\dimen294
\pgf@pathminx=\dimen295
\pgf@pathmaxx=\dimen296
\pgf@pathminy=\dimen297
\pgf@pathmaxy=\dimen298
\pgf@xx=\dimen299
\pgf@xy=\dimen300
\pgf@yx=\dimen301
\pgf@yy=\dimen302
\pgf@zx=\dimen303
\pgf@zy=\dimen304
) (/usr/local/texlive/2023/texmf-dist/tex/generic/pgf/basiclayer/pgfcorepathconstruct.code.tex
File: pgfcorepathconstruct.code.tex 2023-01-15 v3.1.10 (3.1.10)
\pgf@path@lastx=\dimen305
\pgf@path@lasty=\dimen306
) (/usr/local/texlive/2023/texmf-dist/tex/generic/pgf/basiclayer/pgfcorepathusage.code.tex
File: pgfcorepathusage.code.tex 2023-01-15 v3.1.10 (3.1.10)
\pgf@shorten@end@additional=\dimen307
\pgf@shorten@start@additional=\dimen308
) (/usr/local/texlive/2023/texmf-dist/tex/generic/pgf/basiclayer/pgfcorescopes.code.tex
File: pgfcorescopes.code.tex 2023-01-15 v3.1.10 (3.1.10)
\pgfpic=\box87
\pgf@hbox=\box88
\pgf@layerbox@main=\box89
\pgf@picture@serial@count=\count337
) (/usr/local/texlive/2023/texmf-dist/tex/generic/pgf/basiclayer/pgfcoregraphicstate.code.tex
File: pgfcoregraphicstate.code.tex 2023-01-15 v3.1.10 (3.1.10)
\pgflinewidth=\dimen309
) (/usr/local/texlive/2023/texmf-dist/tex/generic/pgf/basiclayer/pgfcoretransformations.code.tex
File: pgfcoretransformations.code.tex 2023-01-15 v3.1.10 (3.1.10)
\pgf@pt@x=\dimen310
\pgf@pt@y=\dimen311
\pgf@pt@temp=\dimen312
) (/usr/local/texlive/2023/texmf-dist/tex/generic/pgf/basiclayer/pgfcorequick.code.tex
File: pgfcorequick.code.tex 2023-01-15 v3.1.10 (3.1.10)
) (/usr/local/texlive/2023/texmf-dist/tex/generic/pgf/basiclayer/pgfcoreobjects.code.tex
File: pgfcoreobjects.code.tex 2023-01-15 v3.1.10 (3.1.10)
) (/usr/local/texlive/2023/texmf-dist/tex/generic/pgf/basiclayer/pgfcorepathprocessing.code.tex
File: pgfcorepathprocessing.code.tex 2023-01-15 v3.1.10 (3.1.10)
) (/usr/local/texlive/2023/texmf-dist/tex/generic/pgf/basiclayer/pgfcorearrows.code.tex
File: pgfcorearrows.code.tex 2023-01-15 v3.1.10 (3.1.10)
\pgfarrowsep=\dimen313
) (/usr/local/texlive/2023/texmf-dist/tex/generic/pgf/basiclayer/pgfcoreshade.code.tex
File: pgfcoreshade.code.tex 2023-01-15 v3.1.10 (3.1.10)
\pgf@max=\dimen314
\pgf@sys@shading@range@num=\count338
\pgf@shadingcount=\count339
) (/usr/local/texlive/2023/texmf-dist/tex/generic/pgf/basiclayer/pgfcoreimage.code.tex
File: pgfcoreimage.code.tex 2023-01-15 v3.1.10 (3.1.10)
) (/usr/local/texlive/2023/texmf-dist/tex/generic/pgf/basiclayer/pgfcoreexternal.code.tex
File: pgfcoreexternal.code.tex 2023-01-15 v3.1.10 (3.1.10)
\pgfexternal@startupbox=\box90
) (/usr/local/texlive/2023/texmf-dist/tex/generic/pgf/basiclayer/pgfcorelayers.code.tex
File: pgfcorelayers.code.tex 2023-01-15 v3.1.10 (3.1.10)
) (/usr/local/texlive/2023/texmf-dist/tex/generic/pgf/basiclayer/pgfcoretransparency.code.tex
File: pgfcoretransparency.code.tex 2023-01-15 v3.1.10 (3.1.10)
) (/usr/local/texlive/2023/texmf-dist/tex/generic/pgf/basiclayer/pgfcorepatterns.code.tex
File: pgfcorepatterns.code.tex 2023-01-15 v3.1.10 (3.1.10)
) (/usr/local/texlive/2023/texmf-dist/tex/generic/pgf/basiclayer/pgfcorerdf.code.tex
File: pgfcorerdf.code.tex 2023-01-15 v3.1.10 (3.1.10)
))) (/usr/local/texlive/2023/texmf-dist/tex/generic/pgf/modules/pgfmoduleshapes.code.tex
File: pgfmoduleshapes.code.tex 2023-01-15 v3.1.10 (3.1.10)
\pgfnodeparttextbox=\box91
) (/usr/local/texlive/2023/texmf-dist/tex/generic/pgf/modules/pgfmoduleplot.code.tex
File: pgfmoduleplot.code.tex 2023-01-15 v3.1.10 (3.1.10)
) (/usr/local/texlive/2023/texmf-dist/tex/latex/pgf/compatibility/pgfcomp-version-0-65.sty
Package: pgfcomp-version-0-65 2023-01-15 v3.1.10 (3.1.10)
\pgf@nodesepstart=\dimen315
\pgf@nodesepend=\dimen316
) (/usr/local/texlive/2023/texmf-dist/tex/latex/pgf/compatibility/pgfcomp-version-1-18.sty
Package: pgfcomp-version-1-18 2023-01-15 v3.1.10 (3.1.10)
)) (/usr/local/texlive/2023/texmf-dist/tex/latex/pgf/utilities/pgffor.sty (/usr/local/texlive/2023/texmf-dist/tex/latex/pgf/utilities/pgfkeys.sty (/usr/local/texlive/2023/texmf-dist/tex/generic/pgf/utilities/pgfkeys.code.tex)) (/usr/local/texlive/2023/texmf-dist/tex/latex/pgf/math/pgfmath.sty (/usr/local/texlive/2023/texmf-dist/tex/generic/pgf/math/pgfmath.code.tex)) (/usr/local/texlive/2023/texmf-dist/tex/generic/pgf/utilities/pgffor.code.tex
Package: pgffor 2023-01-15 v3.1.10 (3.1.10)
\pgffor@iter=\dimen317
\pgffor@skip=\dimen318
\pgffor@stack=\toks50
\pgffor@toks=\toks51
)) (/usr/local/texlive/2023/texmf-dist/tex/generic/pgf/frontendlayer/tikz/tikz.code.tex
Package: tikz 2023-01-15 v3.1.10 (3.1.10)
 (/usr/local/texlive/2023/texmf-dist/tex/generic/pgf/libraries/pgflibraryplothandlers.code.tex
File: pgflibraryplothandlers.code.tex 2023-01-15 v3.1.10 (3.1.10)
\pgf@plot@mark@count=\count340
\pgfplotmarksize=\dimen319
)
\tikz@lastx=\dimen320
\tikz@lasty=\dimen321
\tikz@lastxsaved=\dimen322
\tikz@lastysaved=\dimen323
\tikz@lastmovetox=\dimen324
\tikz@lastmovetoy=\dimen325
\tikzleveldistance=\dimen326
\tikzsiblingdistance=\dimen327
\tikz@figbox=\box92
\tikz@figbox@bg=\box93
\tikz@tempbox=\box94
\tikz@tempbox@bg=\box95
\tikztreelevel=\count341
\tikznumberofchildren=\count342
\tikznumberofcurrentchild=\count343
\tikz@fig@count=\count344
 (/usr/local/texlive/2023/texmf-dist/tex/generic/pgf/modules/pgfmodulematrix.code.tex
File: pgfmodulematrix.code.tex 2023-01-15 v3.1.10 (3.1.10)
\pgfmatrixcurrentrow=\count345
\pgfmatrixcurrentcolumn=\count346
\pgf@matrix@numberofcolumns=\count347
)
\tikz@expandcount=\count348
 (/usr/local/texlive/2023/texmf-dist/tex/generic/pgf/frontendlayer/tikz/libraries/tikzlibrarytopaths.code.tex
File: tikzlibrarytopaths.code.tex 2023-01-15 v3.1.10 (3.1.10)
))) (/usr/local/texlive/2023/texmf-dist/tex/generic/pgf/frontendlayer/tikz/libraries/tikzlibraryintersections.code.tex (/usr/local/texlive/2023/texmf-dist/tex/generic/pgf/libraries/pgflibraryintersections.code.tex (/usr/local/texlive/2023/texmf-dist/tex/generic/pgf/libraries/pgflibraryfpu.code.tex)
\pgf@intersect@solutions=\count349
)) (/usr/local/texlive/2023/texmf-dist/tex/generic/pgf/frontendlayer/tikz/libraries/tikzlibrarycalc.code.tex
File: tikzlibrarycalc.code.tex 2023-01-15 v3.1.10 (3.1.10)
) (/usr/local/texlive/2023/texmf-dist/tex/generic/pgf/frontendlayer/tikz/libraries/tikzlibrarypatterns.code.tex
File: tikzlibrarypatterns.code.tex 2023-01-15 v3.1.10 (3.1.10)
 (/usr/local/texlive/2023/texmf-dist/tex/generic/pgf/libraries/pgflibrarypatterns.code.tex
File: pgflibrarypatterns.code.tex 2023-01-15 v3.1.10 (3.1.10)
)) (/usr/local/texlive/2023/texmf-dist/tex/generic/pgf/frontendlayer/tikz/libraries/tikzlibrarythrough.code.tex
File: tikzlibrarythrough.code.tex 2023-01-15 v3.1.10 (3.1.10)
) (/usr/local/texlive/2023/texmf-dist/tex/generic/pgf/frontendlayer/tikz/libraries/tikzlibrarypositioning.code.tex
File: tikzlibrarypositioning.code.tex 2023-01-15 v3.1.10 (3.1.10)
) (/usr/local/texlive/2023/texmf-dist/tex/generic/pgf/frontendlayer/tikz/libraries/tikzlibraryarrows.code.tex
File: tikzlibraryarrows.code.tex 2023-01-15 v3.1.10 (3.1.10)
 (/usr/local/texlive/2023/texmf-dist/tex/generic/pgf/libraries/pgflibraryarrows.code.tex
File: pgflibraryarrows.code.tex 2023-01-15 v3.1.10 (3.1.10)
\arrowsize=\dimen328
)) (/usr/local/texlive/2023/texmf-dist/tex/generic/pgf/frontendlayer/tikz/libraries/tikzlibrarybackgrounds.code.tex
File: tikzlibrarybackgrounds.code.tex 2023-01-15 v3.1.10 (3.1.10)
\pgf@layerbox@background=\box96
\pgf@layerboxsaved@background=\box97
) (/usr/local/texlive/2023/texmf-dist/tex/generic/tikz-cd/tikzlibrarycd.code.tex (/usr/local/texlive/2023/texmf-dist/tex/generic/pgf/frontendlayer/tikz/libraries/tikzlibrarymatrix.code.tex
File: tikzlibrarymatrix.code.tex 2023-01-15 v3.1.10 (3.1.10)
) (/usr/local/texlive/2023/texmf-dist/tex/generic/pgf/frontendlayer/tikz/libraries/tikzlibraryquotes.code.tex
File: tikzlibraryquotes.code.tex 2023-01-15 v3.1.10 (3.1.10)
) (/usr/local/texlive/2023/texmf-dist/tex/generic/pgf/libraries/pgflibraryarrows.meta.code.tex
File: pgflibraryarrows.meta.code.tex 2023-01-15 v3.1.10 (3.1.10)
\pgfarrowinset=\dimen329
\pgfarrowlength=\dimen330
\pgfarrowwidth=\dimen331
\pgfarrowlinewidth=\dimen332
)) (/usr/local/texlive/2023/texmf-dist/tex/latex/pgfplots/pgfplots.sty (/usr/local/texlive/2023/texmf-dist/tex/generic/pgfplots/pgfplots.revision.tex)
Package: pgfplots 2021/05/15 v1.18.1 Data Visualization (1.18.1)
 (/usr/local/texlive/2023/texmf-dist/tex/generic/pgfplots/pgfplots.code.tex (/usr/local/texlive/2023/texmf-dist/tex/generic/pgfplots/pgfplotscore.code.tex
Package pgfplots info on input line 124: Initializing with LUA version Lua 5.3
\pgfplots@luabackend@table=\catcodetable15
\t@pgfplots@toka=\toks52
\t@pgfplots@tokb=\toks53
\t@pgfplots@tokc=\toks54
\pgfplots@tmpa=\dimen333
\c@pgfplots@coordindex=\count350
\c@pgfplots@scanlineindex=\count351
 (/usr/local/texlive/2023/texmf-dist/tex/generic/pgfplots/sys/pgfplotssysgeneric.code.tex)) (/usr/local/texlive/2023/texmf-dist/tex/generic/pgfplots/libs/pgfplotslibrary.code.tex) (/usr/local/texlive/2023/texmf-dist/tex/generic/pgfplots/oldpgfcompatib/pgfplotsoldpgfsupp_loader.code.tex
Package pgfplots: loading complementary utilities for your pgf version...
\t@pgf@toka=\toks55
\t@pgf@tokb=\toks56
\t@pgf@tokc=\toks57
(/usr/local/texlive/2023/texmf-dist/tex/generic/pgfplots/oldpgfcompatib/pgfplotsoldpgfsupp_pgfutil-common-lists.tex) (/usr/local/texlive/2023/texmf-dist/tex/generic/pgf/libraries/luamath/pgflibraryluamath.code.tex)
Package pgfplots info on input line 290: luamath library shipped with pgf 3.1.10 is up-to-date
) (/usr/local/texlive/2023/texmf-dist/tex/generic/pgfplots/util/pgfplotsutil.code.tex
Package pgfplots info on input line 82: Found new luatex: initializing lua commands instead of write18 (shell-escape)
 (/usr/local/texlive/2023/texmf-dist/tex/generic/pgfplots/liststructure/pgfplotsliststructure.code.tex) (/usr/local/texlive/2023/texmf-dist/tex/generic/pgfplots/liststructure/pgfplotsliststructureext.code.tex) (/usr/local/texlive/2023/texmf-dist/tex/generic/pgfplots/liststructure/pgfplotsarray.code.tex
\c@pgfplotsarray@tmp=\count352
) (/usr/local/texlive/2023/texmf-dist/tex/generic/pgfplots/liststructure/pgfplotsmatrix.code.tex) (/usr/local/texlive/2023/texmf-dist/tex/generic/pgfplots/numtable/pgfplotstableshared.code.tex
\c@pgfplotstable@counta=\count353
\t@pgfplotstable@a=\toks58
) (/usr/local/texlive/2023/texmf-dist/tex/generic/pgfplots/liststructure/pgfplotsdeque.code.tex) (/usr/local/texlive/2023/texmf-dist/tex/generic/pgfplots/util/pgfplotsbinary.code.tex (/usr/local/texlive/2023/texmf-dist/tex/generic/pgfplots/util/pgfplotsbinary.data.code.tex)) (/usr/local/texlive/2023/texmf-dist/tex/generic/pgfplots/util/pgfplotsutil.verb.code.tex) (/usr/local/texlive/2023/texmf-dist/tex/generic/pgfplots/libs/pgflibrarypgfplots.surfshading.code.tex
\c@pgfplotslibrarysurf@no=\count354
 (/usr/local/texlive/2023/texmf-dist/tex/generic/pgfplots/sys/pgflibrarypgfplots.surfshading.pgfsys-luatex.def))) (/usr/local/texlive/2023/texmf-dist/tex/generic/pgfplots/util/pgfplotscolormap.code.tex (/usr/local/texlive/2023/texmf-dist/tex/generic/pgfplots/util/pgfplotscolor.code.tex)) (/usr/local/texlive/2023/texmf-dist/tex/generic/pgfplots/pgfplotsstackedplots.code.tex) (/usr/local/texlive/2023/texmf-dist/tex/generic/pgfplots/pgfplotsplothandlers.code.tex (/usr/local/texlive/2023/texmf-dist/tex/generic/pgfplots/pgfplotsmeshplothandler.code.tex (/usr/local/texlive/2023/texmf-dist/tex/generic/pgfplots/pgfplotsmeshplotimage.code.tex))) (/usr/local/texlive/2023/texmf-dist/tex/generic/pgfplots/pgfplots.scaling.code.tex) (/usr/local/texlive/2023/texmf-dist/tex/generic/pgfplots/pgfplotscoordprocessing.code.tex) (/usr/local/texlive/2023/texmf-dist/tex/generic/pgfplots/pgfplots.errorbars.code.tex) (/usr/local/texlive/2023/texmf-dist/tex/generic/pgfplots/pgfplots.markers.code.tex) (/usr/local/texlive/2023/texmf-dist/tex/generic/pgfplots/pgfplotsticks.code.tex) (/usr/local/texlive/2023/texmf-dist/tex/generic/pgfplots/pgfplots.paths.code.tex) (/usr/local/texlive/2023/texmf-dist/tex/generic/pgf/frontendlayer/tikz/libraries/tikzlibrarydecorations.code.tex (/usr/local/texlive/2023/texmf-dist/tex/generic/pgf/modules/pgfmoduledecorations.code.tex
\pgfdecoratedcompleteddistance=\dimen334
\pgfdecoratedremainingdistance=\dimen335
\pgfdecoratedinputsegmentcompleteddistance=\dimen336
\pgfdecoratedinputsegmentremainingdistance=\dimen337
\pgf@decorate@distancetomove=\dimen338
\pgf@decorate@repeatstate=\count355
\pgfdecorationsegmentamplitude=\dimen339
\pgfdecorationsegmentlength=\dimen340
)
\tikz@lib@dec@box=\box98
) (/usr/local/texlive/2023/texmf-dist/tex/generic/pgf/frontendlayer/tikz/libraries/tikzlibrarydecorations.pathmorphing.code.tex (/usr/local/texlive/2023/texmf-dist/tex/generic/pgf/libraries/decorations/pgflibrarydecorations.pathmorphing.code.tex)) (/usr/local/texlive/2023/texmf-dist/tex/generic/pgf/frontendlayer/tikz/libraries/tikzlibrarydecorations.pathreplacing.code.tex (/usr/local/texlive/2023/texmf-dist/tex/generic/pgf/libraries/decorations/pgflibrarydecorations.pathreplacing.code.tex)) (/usr/local/texlive/2023/texmf-dist/tex/generic/pgfplots/libs/tikzlibrarypgfplots.contourlua.code.tex)
\pgfplots@numplots=\count356
\pgfplots@xmin@reg=\dimen341
\pgfplots@xmax@reg=\dimen342
\pgfplots@ymin@reg=\dimen343
\pgfplots@ymax@reg=\dimen344
\pgfplots@zmin@reg=\dimen345
\pgfplots@zmax@reg=\dimen346
) (/usr/local/texlive/2023/texmf-dist/tex/generic/pgf/frontendlayer/tikz/libraries/tikzlibraryplotmarks.code.tex
File: tikzlibraryplotmarks.code.tex 2023-01-15 v3.1.10 (3.1.10)
 (/usr/local/texlive/2023/texmf-dist/tex/generic/pgf/libraries/pgflibraryplotmarks.code.tex
File: pgflibraryplotmarks.code.tex 2023-01-15 v3.1.10 (3.1.10)
))) (/usr/local/texlive/2023/texmf-dist/tex/generic/pgfplots/libs/tikzlibrarypgfplots.patchplots.code.tex) (/usr/local/texlive/2023/texmf-dist/tex/latex/titlesec/titlesec.sty
Package: titlesec 2021/07/05 v2.14 Sectioning titles
\ttl@box=\box99
\beforetitleunit=\skip76
\aftertitleunit=\skip77
\ttl@plus=\dimen347
\ttl@minus=\dimen348
\ttl@toksa=\toks59
\titlewidth=\dimen349
\titlewidthlast=\dimen350
\titlewidthfirst=\dimen351
) (/usr/local/texlive/2023/texmf-dist/tex/latex/picture/picture.sty
Package: picture 2020-04-22 v1.6 Dimens for picture macros (HO)
Package picture Info: Calculation method: calc.
) (/usr/local/texlive/2023/texmf-dist/tex/latex/fancybox/fancybox.sty
Package: fancybox 2010/05/15 1.4

Style option: `fancybox' v1.4 <2010/05/15> (tvz)
\@fancybox=\box100
\shadowsize=\dimen352
\@Sbox=\box101
\do@VerbBox=\toks60
\the@fancyput=\toks61
\this@fancyput=\toks62
\EndVerbatimTokens=\toks63
\Verbatim@Outfile=\write4
\Verbatim@Infile=\read3
) (/usr/local/texlive/2023/texmf-dist/tex/latex/boites/boites.sty
File: boites.sty 
Package: boites 2013/11/21 v1.1 Colored, framed and breakable across pages boxes
\bk@bxb=\box102
\bk@bxa=\box103
\bk@lcnt=\count357
) (/usr/local/texlive/2023/texmf-dist/tex/latex/tcolorbox/tcolorbox.sty
Package: tcolorbox 2023/02/12 version 6.0.1 text color boxes
 (/usr/local/texlive/2023/texmf-dist/tex/latex/tools/verbatim.sty
Package: verbatim 2022-07-02 v1.5u LaTeX2e package for verbatim enhancements
\every@verbatim=\toks64
\verbatim@line=\toks65
\verbatim@in@stream=\read4
) (/usr/local/texlive/2023/texmf-dist/tex/latex/environ/environ.sty
Package: environ 2014/05/04 v0.3 A new way to define environments
 (/usr/local/texlive/2023/texmf-dist/tex/latex/trimspaces/trimspaces.sty
Package: trimspaces 2009/09/17 v1.1 Trim spaces around a token list
))
\tcb@titlebox=\box104
\tcb@upperbox=\box105
\tcb@lowerbox=\box106
\tcb@phantombox=\box107
\c@tcbbreakpart=\count358
\c@tcblayer=\count359
\c@tcolorbox@number=\count360
\tcb@temp=\box108
\tcb@temp=\box109
\tcb@temp=\box110
\tcb@temp=\box111
) (/usr/local/texlive/2023/texmf-dist/tex/latex/tcolorbox/tcbskins.code.tex
Library (tcolorbox): 'tcbskins.code.tex' version '6.0.1'
(/usr/local/texlive/2023/texmf-dist/tex/latex/tikzfill/tikzfill.image.sty
Package: tikzfill.image 2022/07/20 v1.0.0 Image filling library for TikZ
 (/usr/local/texlive/2023/texmf-dist/tex/latex/tikzfill/tikzfill-common.sty
Package: tikzfill-common 2022/07/20 v1.0.0 Auxiliary code for tikzfill
) (/usr/local/texlive/2023/texmf-dist/tex/latex/tikzfill/tikzlibraryfill.image.code.tex
File: tikzlibraryfill.image.code.tex 2022/07/20 v1.0.0 Image filling library
\l__tikzfill_img_box=\box112
)) (/usr/local/texlive/2023/texmf-dist/tex/latex/tcolorbox/tcbskinsjigsaw.code.tex
Library (tcolorbox): 'tcbskinsjigsaw.code.tex' version '6.0.1'
)) (/usr/local/texlive/2023/texmf-dist/tex/latex/tcolorbox/tcbtheorems.code.tex
Library (tcolorbox): 'tcbtheorems.code.tex' version '6.0.1'
) (/usr/local/texlive/2023/texmf-dist/tex/latex/tcolorbox/tcbbreakable.code.tex
Library (tcolorbox): 'tcbbreakable.code.tex' version '6.0.1'
(/usr/local/texlive/2023/texmf-dist/tex/latex/pdfcol/pdfcol.sty
Package: pdfcol 2022-09-21 v1.7 Handle new color stacks for pdfTeX (HO)
)
Package pdfcol Info: New color stack `tcb@breakable' = 1 on input line 23.
\tcb@testbox=\box113
\tcb@totalupperbox=\box114
\tcb@totallowerbox=\box115
) (/usr/local/texlive/2023/texmf-dist/tex/latex/cite/cite.sty
LaTeX Info: Redefining \cite on input line 302.
LaTeX Info: Redefining \nocite on input line 332.
Package: cite 2015/02/27  v 5.5
) (/usr/local/texlive/2023/texmf-dist/tex/latex/comment/comment.sty
\CommentStream=\write5
 Excluding comment 'comment') (/usr/local/texlive/2023/texmf-dist/tex/latex/ascmac/ascmac.sty
Package: ascmac 2020/01/15 v2.1 ascmac wrapper (community edition) 
 (/usr/local/texlive/2023/texmf-dist/tex/latex/ascmac/tascmac.sty
Package: tascmac 2020/01/15 v2.1 ascmac package (community edition) 
Package tascmac Info: Patch from LuaTeX-ja will be applied on input line 44.
\@savetbaselineshift=\dimen353
\@saveybaselineshift=\dimen354
\scb@x=\box116
\scscb@x=\box117
\@bw=\dimen355
\@nbox=\box118
\@nbody=\box119
\@scw=\dimen356
\ascmac@hoboxa=\box120
\ascmac@hoboxb=\box121
\@itemh=\dimen357
\@iboxpos=\toks66
\@iboxstr=\box122
\@bwsp=\box123
\@@bwsp=\box124
\@bcal=\count361
\shaderule=\dimen358
)) (/usr/local/texlive/2023/texmf-dist/tex/latex/listings/listings.sty
\lst@mode=\count362
\lst@gtempboxa=\box125
\lst@token=\toks67
\lst@length=\count363
\lst@currlwidth=\dimen359
\lst@column=\count364
\lst@pos=\count365
\lst@lostspace=\dimen360
\lst@width=\dimen361
\lst@newlines=\count366
\lst@lineno=\count367
\lst@maxwidth=\dimen362
 (/usr/local/texlive/2023/texmf-dist/tex/latex/listings/lstmisc.sty
File: lstmisc.sty 2023/02/27 1.9 (Carsten Heinz)
\c@lstnumber=\count368
\lst@skipnumbers=\count369
\lst@framebox=\box126
) (/usr/local/texlive/2023/texmf-dist/tex/latex/listings/listings.cfg
File: listings.cfg 2023/02/27 1.9 listings configuration
))
Package: listings 2023/02/27 1.9 (Carsten Heinz)
 (/usr/local/texlive/2023/texmf-dist/tex/luatex/luatexja/patches/lltjp-listings.sty (/usr/local/texlive/2023/texmf-dist/tex/luatex/luatexbase/luatexbase-cctb.sty
Package: luatexbase-cctb 2015/10/04 v1.3 luatexbase interface to LuaTeX (legacy subpackage) 
)
\ltj@lst@japanese@min=\count370
\CatcodeTableLTJlistings=\catcodetable16
\ltj@lst@frame@lslimit=\dimen363
 (/usr/local/texlive/2023/texmf-dist/tex/latex/listings/lstmisc.sty
File: lstmisc.sty 2023/02/27 1.9 (Carsten Heinz)
\lst@WFtoken=\toks68
\lst@WF=\write6
)) (/Users/takamatoshinori/Library/texmf/tex/latex/mylogics/mylogics.sty) (/Users/takamatoshinori/Library/texmf/tex/latex/myalgebra/myalgebra.sty) (/Users/takamatoshinori/Library/texmf/tex/latex/mygeometry/mygeometry.sty)
\c@theorem=\count371
\c@definition=\count372
\c@tcb@cnt@myaxiom=\count373
\c@tcb@cnt@mytheo=\count374
\c@tcb@cnt@myprop=\count375
\c@tcb@cnt@mylem=\count376
\c@tcb@cnt@mydef=\count377
 (/usr/local/texlive/2023/texmf-dist/tex/latex/subfiles/subfiles.sty
Package: subfiles 2020/11/14 v2.2 Multi-file projects (package)
))) (/usr/local/texlive/2023/texmf-dist/tex/luatex/luatexja/patches/lltjp-tascmac.sty
Package: lltjp-tascmac 2022-08-24 Patch to (t)ascmac for LuaTeX-ja
{/usr/local/texlive/2023/texmf-var/fonts/map/pdftex/updmap/pdftex.map}
warning  (map file): entry for 'ascgrp' already exists, duplicates ignored
) (/usr/local/texlive/2023/texmf-dist/tex/luatex/luatexja/patches/lltjp-array.sty
Package: lltjp-array 2019-07-18 Patch to array for LuaTeX-ja
)
Package translations Info: No language package found. I am going to use `english' as default language. on input line 3.
 (./out/chap5.aux)
\openout1 = chap5.aux

LaTeX Font Info:    Checking defaults for OML/cmm/m/it on input line 3.
LaTeX Font Info:    ... okay on input line 3.
LaTeX Font Info:    Checking defaults for OMS/cmsy/m/n on input line 3.
LaTeX Font Info:    ... okay on input line 3.
LaTeX Font Info:    Checking defaults for OT1/cmr/m/n on input line 3.
LaTeX Font Info:    ... okay on input line 3.
LaTeX Font Info:    Checking defaults for T1/cmr/m/n on input line 3.
LaTeX Font Info:    ... okay on input line 3.
LaTeX Font Info:    Checking defaults for TS1/cmr/m/n on input line 3.
LaTeX Font Info:    Trying to load font information for TS1+cmr on input line 3.
 (/usr/local/texlive/2023/texmf-dist/tex/latex/base/ts1cmr.fd
File: ts1cmr.fd 2022/07/10 v2.5l Standard LaTeX font definitions
)
LaTeX Font Info:    ... okay on input line 3.
LaTeX Font Info:    Checking defaults for TU/lmr/m/n on input line 3.
LaTeX Font Info:    ... okay on input line 3.
LaTeX Font Info:    Checking defaults for OMX/cmex/m/n on input line 3.
LaTeX Font Info:    ... okay on input line 3.
LaTeX Font Info:    Checking defaults for U/cmr/m/n on input line 3.
LaTeX Font Info:    ... okay on input line 3.
LaTeX Font Info:    Checking defaults for JY3/mc/m/n on input line 3.
LaTeX Font Info:    ... okay on input line 3.
LaTeX Font Info:    Checking defaults for JT3/mc/m/n on input line 3.
LaTeX Font Info:    ... okay on input line 3.
LaTeX Font Info:    Checking defaults for PD1/pdf/m/n on input line 3.
LaTeX Font Info:    ... okay on input line 3.
LaTeX Font Info:    Checking defaults for PU/pdf/m/n on input line 3.
LaTeX Font Info:    ... okay on input line 3.
 (/usr/local/texlive/2023/texmf-dist/tex/context/base/mkii/supp-pdf.mkii
[Loading MPS to PDF converter (version 2006.09.02).]
\scratchcounter=\count378
\scratchdimen=\dimen364
\scratchbox=\box127
\nofMPsegments=\count379
\nofMParguments=\count380
\everyMPshowfont=\toks69
\MPscratchCnt=\count381
\MPscratchDim=\dimen365
\MPnumerator=\count382
\makeMPintoPDFobject=\count383
\everyMPtoPDFconversion=\toks70
) (/usr/local/texlive/2023/texmf-dist/tex/latex/epstopdf-pkg/epstopdf-base.sty
Package: epstopdf-base 2020-01-24 v2.11 Base part for package epstopdf
Package epstopdf-base Info: Redefining graphics rule for `.eps' on input line 485.
 (/usr/local/texlive/2023/texmf-dist/tex/latex/latexconfig/epstopdf-sys.cfg
File: epstopdf-sys.cfg 2010/07/13 v1.3 Configuration of (r)epstopdf for TeX Live
))
Package hyperref Info: Link coloring ON on input line 3.
 (./out/chap5.out) (./out/chap5.out)
\@outlinefile=\write7

\openout7 = chap5.out


Package siunitx Warning: Detected the "physics" package:
(siunitx)                omitting definition of \qty.
(siunitx)                
(siunitx)                If you want to use \qty with the siunitx definition,
(siunitx)                add 
(siunitx)                
(siunitx)                    \AtBeginDocument{\RenewCommandCopy\qty\SI}
(siunitx)                
(siunitx)                to your preamble.

(/usr/local/texlive/2023/texmf-dist/tex/latex/translations/translations-basic-dictionary-english.trsl
File: translations-basic-dictionary-english.trsl (english translation file `translations-basic-dictionary')
)
Package translations Info: loading dictionary `translations-basic-dictionary' for `english'. on input line 3.

Package chemgreek Info: Activating mapping `default' on line 3.

Package caption Info: Begin \AtBeginDocument code.
Package caption Info: listings package is loaded.
Package caption Info: End \AtBeginDocument code.

Package pgfplots notification 'compat/show suggested version=true': you might benefit from \pgfplotsset{compat=1.18} (current compat level: 1.15).

\c@lstlisting=\count384
5
(load cache: extra_lmroman17-regular.luc)
LaTeX Font Info:    Font shape `JT3/mc/m/n' will be
(Font)              scaled to size 19.17854pt on input line 7.
LaTeX Font Info:    Font shape `JY3/mc/m/n' will be
(Font)              scaled to size 19.17854pt on input line 7.
LaTeX Font Info:    Font shape `JT3/gt/m/n' will be
(Font)              scaled to size 19.17854pt on input line 7.
LaTeX Font Info:    Font shape `JY3/gt/m/n' will be
(Font)              scaled to size 19.17854pt on input line 7.
(load cache: extra_haranoajigothic-medium.luc)(load cache: extra_lmsans17-regular.luc)
LaTeX Font Info:    Font shape `JT3/gt/m/n' will be
(Font)              scaled to size 23.00687pt on input line 7.
LaTeX Font Info:    Font shape `JY3/gt/m/n' will be
(Font)              scaled to size 23.00687pt on input line 7.
LaTeX Font Info:    Font shape `JY3/mc/m/n' will be
(Font)              scaled to size 6.47299pt on input line 10.
LaTeX Font Info:    Font shape `JY3/mc/m/n' will be
(Font)              scaled to size 4.62357pt on input line 10.
LaTeX Font Info:    Trying to load font information for U+msa on input line 10.
(/usr/local/texlive/2023/texmf-dist/tex/latex/amsfonts/umsa.fd
File: umsa.fd 2013/01/14 v3.01 AMS symbols A
)
LaTeX Font Info:    Trying to load font information for U+msb on input line 10.
 (/usr/local/texlive/2023/texmf-dist/tex/latex/amsfonts/umsb.fd
File: umsb.fd 2013/01/14 v3.01 AMS symbols B
)
LaTeX Font Info:    Trying to load font information for U+rsfs on input line 10.
 (/usr/local/texlive/2023/texmf-dist/tex/latex/jknapltx/ursfs.fd
File: ursfs.fd 1998/03/24 rsfs font definition file (jk)
)
LaTeX Font Info:    Font shape `JY3/gt/m/n' will be
(Font)              scaled to size 9.24713pt on input line 10.
LaTeX Font Info:    Font shape `JY3/gt/m/n' will be
(Font)              scaled to size 6.47299pt on input line 10.
LaTeX Font Info:    Font shape `JY3/gt/m/n' will be
(Font)              scaled to size 4.62357pt on input line 10.
(load cache: extra_lmroman10-bold.luc)
LaTeX Font Info:    Font shape `JT3/mc/b/n' in size <10> not available
(Font)              Font shape `JT3/gt/m/n' tried instead on input line 47.
LaTeX Font Info:    Font shape `JT3/gt/m/n' will be
(Font)              scaled to size 9.24713pt on input line 47.
LaTeX Font Info:    Font shape `JY3/mc/b/n' in size <10> not available
(Font)              Font shape `JY3/gt/m/n' tried instead on input line 47.
LaTeX Font Info:    Font shape `JY3/gt/m/n' will be
(Font)              scaled to size 9.24713pt on input line 47.
 [1


]

LaTeX Warning: Hyper reference `def:double-complx' on page 2 undefined on input line 76.


LaTeX Warning: Hyper reference `def:Tot' on page 2 undefined on input line 76.

(load cache: extra_lmroman7-regular.luc)
LaTeX Font Info:    Font shape `JT3/mc/m/n' will be
(Font)              scaled to size 6.47299pt on input line 76.
LaTeX Font Info:    Font shape `JY3/mc/m/n' will be
(Font)              scaled to size 5.54828pt on input line 76.
LaTeX Font Info:    Font shape `JY3/gt/m/n' will be
(Font)              scaled to size 7.3977pt on input line 76.
LaTeX Font Info:    Font shape `JY3/gt/m/n' will be
(Font)              scaled to size 5.54828pt on input line 76.
(load cache: extra_lmroman6-regular.luc)
LaTeX Font Info:    Font shape `JT3/mc/m/n' will be
(Font)              scaled to size 5.54828pt on input line 76.

LaTeX Warning: Hyper reference `def:double-complex' on page 2 undefined on input line 76.


LaTeX Warning: Hyper reference `def:Tot' on page 2 undefined on input line 76.

(load cache: extra_lmroman12-regular.luc)
LaTeX Font Info:    Font shape `JT3/mc/m/n' will be
(Font)              scaled to size 13.31586pt on input line 89.
LaTeX Font Info:    Font shape `JY3/mc/m/n' will be
(Font)              scaled to size 13.31586pt on input line 89.
(load cache: extra_lmroman12-bold.luc)
LaTeX Font Info:    Font shape `JT3/mc/b/n' in size <14.4> not available
(Font)              Font shape `JT3/gt/m/n' tried instead on input line 89.
LaTeX Font Info:    Font shape `JT3/gt/m/n' will be
(Font)              scaled to size 13.31586pt on input line 89.
LaTeX Font Info:    Font shape `JY3/mc/b/n' in size <14.4> not available
(Font)              Font shape `JY3/gt/m/n' tried instead on input line 89.
LaTeX Font Info:    Font shape `JY3/gt/m/n' will be
(Font)              scaled to size 13.31586pt on input line 89.
[2]
LaTeX Font Info:    Font shape `JT3/gt/m/n' will be
(Font)              scaled to size 9.24713pt on input line 110.
(load cache: extra_lmsans10-regular.luc)(load cache: extra_lmsans10-bold.luc)
LaTeX Font Info:    Font shape `JT3/gt/b/n' in size <10> not available
(Font)              Font shape `JT3/gt/m/n' tried instead on input line 110.
LaTeX Font Info:    Font shape `JT3/gt/m/n' will be
(Font)              scaled to size 9.24713pt on input line 110.
LaTeX Font Info:    Font shape `JY3/gt/b/n' in size <10> not available
(Font)              Font shape `JY3/gt/m/n' tried instead on input line 110.
LaTeX Font Info:    Font shape `JY3/gt/m/n' will be
(Font)              scaled to size 9.24713pt on input line 110.
(load cache: extra_lmroman7-italic.luc)
LaTeX Font Info:    Font shape `JT3/mc/m/it' in size <7> not available
(Font)              Font shape `JT3/mc/m/n' tried instead on input line 115.
LaTeX Font Info:    Font shape `JT3/mc/m/n' will be
(Font)              scaled to size 6.47299pt on input line 115.
LaTeX Font Info:    Font shape `JY3/mc/m/it' in size <7> not available
(Font)              Font shape `JY3/mc/m/n' tried instead on input line 115.
LaTeX Font Info:    Font shape `JY3/mc/m/n' will be
(Font)              scaled to size 6.47299pt on input line 115.
LaTeX Font Info:    Font shape `JT3/mc/m/it' in size <6> not available
(Font)              Font shape `JT3/mc/m/n' tried instead on input line 115.
LaTeX Font Info:    Font shape `JT3/mc/m/n' will be
(Font)              scaled to size 5.54828pt on input line 115.
LaTeX Font Info:    Font shape `JY3/mc/m/it' in size <6> not available
(Font)              Font shape `JY3/mc/m/n' tried instead on input line 115.
LaTeX Font Info:    Font shape `JY3/mc/m/n' will be
(Font)              scaled to size 5.54828pt on input line 115.


LaTeX Warning: Hyper reference `def:LD' on page 3 undefined on input line 115.


LaTeX Warning: Hyper reference `def:nat' on page 3 undefined on input line 118.


LaTeX Warning: Hyper reference `def:chain-homotopy' on page 3 undefined on input line 118.


LaTeX Warning: Hyper reference `def:chain-homotopy' on page 3 undefined on input line 120.

(load cache: extra_lmroman10-italic.luc)
LaTeX Font Info:    Font shape `JT3/mc/m/it' in size <10> not available
(Font)              Font shape `JT3/mc/m/n' tried instead on input line 124.
LaTeX Font Info:    Font shape `JT3/mc/m/n' will be
(Font)              scaled to size 9.24713pt on input line 124.
LaTeX Font Info:    Font shape `JY3/mc/m/it' in size <10> not available
(Font)              Font shape `JY3/mc/m/n' tried instead on input line 124.
LaTeX Font Info:    Font shape `JY3/mc/m/n' will be
(Font)              scaled to size 9.24713pt on input line 124.
(load cache: extra_lmroman10-bolditalic.luc)
LaTeX Font Info:    Font shape `JT3/mc/b/it' in size <10> not available
(Font)              Font shape `JT3/gt/m/n' tried instead on input line 124.
LaTeX Font Info:    Font shape `JT3/gt/m/n' will be
(Font)              scaled to size 9.24713pt on input line 124.
LaTeX Font Info:    Font shape `JY3/mc/b/it' in size <10> not available
(Font)              Font shape `JY3/gt/m/n' tried instead on input line 124.
LaTeX Font Info:    Font shape `JY3/gt/m/n' will be
(Font)              scaled to size 9.24713pt on input line 124.

LaTeX Warning: Citation `Spanier' on page 3 undefined on input line 124.


LaTeX Warning: Hyper reference `def:naturallyeq' on page 3 undefined on input line 136.


LaTeX Warning: Hyper reference `def:nat' on page 3 undefined on input line 136.


LaTeX Warning: Hyper reference `def:chain-homotopic' on page 3 undefined on input line 141.


LaTeX Warning: Hyper reference `def:chain-homotopic' on page 3 undefined on input line 141.

[3]

LaTeX Warning: Hyper reference `col:Kunneth' on page 4 undefined on input line 156.


Overfull \hbox (2.94563pt too wide) in paragraph at lines 162--164
[]|\JY3/mc/m/it/10  | $\OML/cmm/m/it/10 S[]\OT1/cmr/m/n/10 (\OML/cmm/m/it/10 X \OMS/cmsy/m/n/10  \OML/cmm/m/it/10 Y\OT1/cmr/m/n/10 )$ |\JY3/mc/m/it/10  $[][] [][]\OT1/cmr/m/n/10 ([]\OML/cmm/m/it/10 ;  \OT1/cmr/m/n/10 [])\OML/cmm/m/it/10 ;  \OT1/cmr/m/n/10 (\OML/cmm/m/it/10 X;  Y\OT1/cmr/m/n/10 )[]$ |\JY3/mc/m/it/10  | | | | | []  $\OML/cmm/m/it/10 S[]\OT1/cmr/m/n/10 (\OML/cmm/m/it/10 X\OT1/cmr/m/n/10 ) \OMS/cmsy/m/n/10 
[] \OML/cmm/m/it/10 S[]\OT1/cmr/m/n/10 (\OML/cmm/m/it/10 Y\OT1/cmr/m/n/10 ) = [][] \OML/cmm/m/it/10 S[]\OT1/cmr/m/n/10 (\OML/cmm/m/it/10 X\OT1/cmr/m/n/10 ) \OMS/cmsy/m/n/10 
[]
 []


LaTeX Warning: Command \. invalid in math mode on input line 165.

Missing character: There is no  (U+0307) in font cmmi10!

LaTeX Warning: Reference `prop:homotoic-basic' on page 4 undefined on input line 167.


LaTeX Warning: Reference `prop:homotoic-basic' on page 4 undefined on input line 170.

[4]
LaTeX Font Info:    Font shape `JT3/mc/m/n' will be
(Font)              scaled to size 11.09656pt on input line 174.
LaTeX Font Info:    Font shape `JY3/mc/m/n' will be
(Font)              scaled to size 11.09656pt on input line 174.
LaTeX Font Info:    Font shape `JT3/mc/b/n' in size <12> not available
(Font)              Font shape `JT3/gt/m/n' tried instead on input line 174.
LaTeX Font Info:    Font shape `JT3/gt/m/n' will be
(Font)              scaled to size 11.09656pt on input line 174.
LaTeX Font Info:    Font shape `JY3/mc/b/n' in size <12> not available
(Font)              Font shape `JY3/gt/m/n' tried instead on input line 174.
LaTeX Font Info:    Font shape `JY3/gt/m/n' will be
(Font)              scaled to size 11.09656pt on input line 174.
 [5]

LaTeX Warning: Hyper reference `def:PID' on page 6 undefined on input line 227.


LaTeX Warning: Hyper reference `col:Kunneth-Tor' on page 6 undefined on input line 238.


LaTeX Warning: Reference `thm:proj-resol-PID' on page 6 undefined on input line 249.


LaTeX Warning: Hyper reference `def:Tor' on page 6 undefined on input line 249.

[6] [7] [8] [9]

LaTeX Warning: Hyper reference `def:nat' on page 10 undefined on input line 432.

(load cache: extra_lmroman5-regular.luc)
LaTeX Font Info:    Font shape `JT3/mc/m/n' will be
(Font)              scaled to size 4.62357pt on input line 466.
[10]

LaTeX Warning: Hyper reference `def:chainmap' on page 11 undefined on input line 504.

[11] [12] [13]

LaTeX Warning: Hyper reference `def:Ab-func' on page 14 undefined on input line 628.


LaTeX Warning: Reference `prop:chain-homotopy' on page 14 undefined on input line 632.


LaTeX Warning: Hyper reference `prop:LES-cohomology' on page 14 undefined on input line 649.


Overfull \hbox (60.43668pt too wide) in paragraph at lines 656--657
 [][] 
 []

[14]
LaTeX Font Info:    Font shape `JT3/mc/m/n' will be
(Font)              scaled to size 23.00687pt on input line 682.
LaTeX Font Info:    Font shape `JY3/mc/m/n' will be
(Font)              scaled to size 23.00687pt on input line 682.
LaTeX Font Info:    Font shape `JT3/mc/b/n' in size <24.88> not available
(Font)              Font shape `JT3/gt/m/n' tried instead on input line 682.
LaTeX Font Info:    Font shape `JT3/gt/m/n' will be
(Font)              scaled to size 23.00687pt on input line 682.
LaTeX Font Info:    Font shape `JY3/mc/b/n' in size <24.88> not available
(Font)              Font shape `JY3/gt/m/n' tried instead on input line 682.
LaTeX Font Info:    Font shape `JY3/gt/m/n' will be
(Font)              scaled to size 23.00687pt on input line 682.


LaTeX Warning: Hyper reference `thm:fundamental-class' on page 15 undefined on input line 704.


LaTeX Warning: Citation `Milnor' on page 15 undefined on input line 708.


LaTeX Warning: Citation `Hatcher' on page 15 undefined on input line 708.

[15] (./out/chap5.aux)

LaTeX Warning: There were undefined references.

Package rerunfilecheck Info: File `chap5.out' has not changed.
(rerunfilecheck)             Checksum: 0B578FEB5F5186D4316D42BEC25C374F;855.
)

Here is how much of LuaTeX's memory you used:
 51279 strings out of 478285
 195705,1977958 words of node,token memory allocated
 10274 words of node memory still in use:
   11 hlist, 2 vlist, 5 rule, 7 glue, 4 kern, 1 glyph, 4385 attribute, 62 glue_spec, 411 attribute_list, 2 write, 14 user_defined, 1 pdf_action nodes
   avail lists: 1:20,2:50043,3:1859,4:1101,5:610,6:55,7:5277,8:87,9:3054,10:10,11:20
 69529 multiletter control sequences out of 65536+600000
 105 fonts using 74652727 bytes
 138i,22n,144p,1855b,1385s stack positions out of 10000i,1000n,20000p,200000b,200000s
</usr/local/texlive/2023/texmf-dist/fonts/opentype/public/lm/lmsans10-regular.otf></usr/local/texlive/2023/texmf-dist/fonts/opentype/public/lm/lmroman7-italic.otf></usr/local/texlive/2023/texmf-dist/fonts/opentype/public/lm/lmsans10-bold.otf></usr/local/texlive/2023/texmf-dist/fonts/opentype/public/lm/lmroman12-bold.otf></usr/local/texlive/2023/texmf-dist/fonts/opentype/public/lm/lmroman8-regular.otf></usr/local/texlive/2023/texmf-dist/fonts/opentype/public/lm/lmroman6-regular.otf></usr/local/texlive/2023/texmf-dist/fonts/opentype/public/lm/lmroman7-regular.otf></usr/local/texlive/2023/texmf-dist/fonts/opentype/public/lm/lmroman10-bold.otf></usr/local/texlive/2023/texmf-dist/fonts/opentype/public/lm/lmroman10-regular.otf></usr/local/texlive/2023/texmf-dist/fonts/opentype/public/haranoaji/HaranoAjiMincho-Regular.otf></usr/local/texlive/2023/texmf-dist/fonts/opentype/public/lm/lmsans17-regular.otf></usr/local/texlive/2023/texmf-dist/fonts/opentype/public/haranoaji/HaranoAjiGothic-Medium.otf></usr/local/texlive/2023/texmf-dist/fonts/type1/public/amsfonts/cm/cmbx10.pfb></usr/local/texlive/2023/texmf-dist/fonts/type1/public/amsfonts/cm/cmbx7.pfb></usr/local/texlive/2023/texmf-dist/fonts/type1/public/amsfonts/cm/cmbx8.pfb></usr/local/texlive/2023/texmf-dist/fonts/type1/public/amsfonts/cm/cmex10.pfb></usr/local/texlive/2023/texmf-dist/fonts/type1/public/amsfonts/cmextra/cmex8.pfb></usr/local/texlive/2023/texmf-dist/fonts/type1/public/amsfonts/cm/cmmi10.pfb></usr/local/texlive/2023/texmf-dist/fonts/type1/public/amsfonts/cm/cmmi5.pfb></usr/local/texlive/2023/texmf-dist/fonts/type1/public/amsfonts/cm/cmmi6.pfb></usr/local/texlive/2023/texmf-dist/fonts/type1/public/amsfonts/cm/cmmi7.pfb></usr/local/texlive/2023/texmf-dist/fonts/type1/public/amsfonts/cm/cmmi8.pfb></usr/local/texlive/2023/texmf-dist/fonts/type1/public/amsfonts/cm/cmmib10.pfb></usr/local/texlive/2023/texmf-dist/fonts/type1/public/amsfonts/cm/cmr10.pfb></usr/local/texlive/2023/texmf-dist/fonts/type1/public/amsfonts/cm/cmr5.pfb></usr/local/texlive/2023/texmf-dist/fonts/type1/public/amsfonts/cm/cmr6.pfb></usr/local/texlive/2023/texmf-dist/fonts/type1/public/amsfonts/cm/cmr7.pfb></usr/local/texlive/2023/texmf-dist/fonts/type1/public/amsfonts/cm/cmr8.pfb></usr/local/texlive/2023/texmf-dist/fonts/type1/public/amsfonts/cm/cmsy10.pfb></usr/local/texlive/2023/texmf-dist/fonts/type1/public/amsfonts/cm/cmsy5.pfb></usr/local/texlive/2023/texmf-dist/fonts/type1/public/amsfonts/cm/cmsy6.pfb></usr/local/texlive/2023/texmf-dist/fonts/type1/public/amsfonts/cm/cmsy7.pfb></usr/local/texlive/2023/texmf-dist/fonts/type1/public/amsfonts/cm/cmsy8.pfb></usr/local/texlive/2023/texmf-dist/fonts/type1/public/amsfonts/latxfont/line10.pfb></usr/local/texlive/2023/texmf-dist/fonts/type1/public/amsfonts/symbols/msam10.pfb></usr/local/texlive/2023/texmf-dist/fonts/type1/public/amsfonts/symbols/msbm10.pfb></usr/local/texlive/2023/texmf-dist/fonts/type1/public/amsfonts/symbols/msbm7.pfb>
Output written on chap5.pdf (15 pages, 406337 bytes).

PDF statistics: 438 PDF objects out of 1000 (max. 8388607)
 356 compressed objects within 4 object streams
 93 named destinations out of 1000 (max. 131072)
 72 words of extra memory for PDF output out of 10000 (max. 100000000)

