\BOOKMARK [0][-]{chapter.1}{\376\377\117\115\166\370\172\172\225\223\060\113\060\211\060\156\121\372\166\172}{}% 1
\BOOKMARK [1][-]{section.1.1}{\376\377\124\014\120\044\230\136\060\153\060\210\060\213\230\136\122\045}{chapter.1}% 2
\BOOKMARK [1][-]{section.1.2}{\376\377\117\115\166\370\172\172\225\223}{chapter.1}% 3
\BOOKMARK [2][-]{subsection.1.2.1}{\376\377\117\115\166\370\060\156\151\313\142\020}{section.1.2}% 4
\BOOKMARK [2][-]{subsection.1.2.2}{\376\377\121\205\220\350\060\373\130\203\165\114}{section.1.2}% 5
\BOOKMARK [2][-]{subsection.1.2.3}{\376\377\166\370\133\376\117\115\166\370\060\373\172\115\117\115\166\370\060\373\125\106\117\115\166\370}{section.1.2}% 6
\BOOKMARK [2][-]{subsection.1.2.4}{\376\377\215\335\226\342\172\172\225\223}{section.1.2}% 7
\BOOKMARK [2][-]{subsection.1.2.5}{\376\377\117\115\166\370\172\172\225\223\060\156\122\006\230\136}{section.1.2}% 8
\BOOKMARK [1][-]{section.1.3}{\376\377\220\043\175\232\121\231\120\317\060\373\124\014\166\370}{chapter.1}% 9
\BOOKMARK [1][-]{section.1.4}{\376\377\060\263\060\363\060\321\060\257\060\310\140\047}{chapter.1}% 10
\BOOKMARK [1][-]{section.1.5}{\376\377\220\043\175\120\140\047}{chapter.1}% 11
\BOOKMARK [0][-]{chapter.2}{\376\377\131\032\151\330\117\123}{}% 12
\BOOKMARK [1][-]{section.2.1}{\376\377\117\115\166\370\131\032\151\330\117\123}{chapter.2}% 13
\BOOKMARK [2][-]{subsection.2.1.1}{\376\377\133\232\177\251}{section.2.1}% 14
\BOOKMARK [2][-]{subsection.2.1.2}{\376\377\060\242\060\310\060\351\060\271}{section.2.1}% 15
\BOOKMARK [1][-]{section.2.2}{\376\377\000C\000\040\131\032\151\330\117\123}{chapter.2}% 16
\BOOKMARK [2][-]{subsection.2.2.1}{\376\377\000C\000\040\151\313\220\040}{section.2.2}% 17
\BOOKMARK [2][-]{subsection.2.2.2}{\376\377\211\007\175\040\131\032\151\330\117\123\060\373\060\112\060\210\060\163\000L\000i\000e\177\244\060\156\133\232\177\251}{section.2.2}% 18
\BOOKMARK [1][-]{section.2.3}{\376\377\130\203\165\114\116\330\060\115\131\032\151\330\117\123}{chapter.2}% 19
\BOOKMARK [1][-]{section.2.4}{\376\377\000C\000\040\121\231\120\317}{chapter.2}% 20
\BOOKMARK [2][-]{subsection.2.4.1}{\376\377\137\256\122\006\124\014\166\370}{section.2.4}% 21
\BOOKMARK [1][-]{section.2.5}{\376\377\131\032\151\330\117\123\060\156\127\017}{chapter.2}% 22
\BOOKMARK [0][-]{chapter.3}{\376\377\143\245\172\172\225\223\060\373\117\131\143\245\172\172\225\223}{}% 23
\BOOKMARK [1][-]{section.3.1}{\376\377\116\343\145\160\166\204\156\226\120\231}{chapter.3}% 24
\BOOKMARK [2][-]{subsection.3.1.1}{\376\377\060\331\060\257\060\310\060\353\172\172\225\223\060\156\127\017}{section.3.1}% 25
\BOOKMARK [2][-]{subsection.3.1.2}{\376\377\123\314\133\376\060\331\060\257\060\310\060\353\172\172\225\223}{section.3.1}% 26
\BOOKMARK [2][-]{subsection.3.1.3}{\376\377\060\331\060\257\060\310\060\353\172\172\225\223\060\156\060\306\060\363\060\275\060\353\172\115}{section.3.1}% 27
\BOOKMARK [2][-]{subsection.3.1.4}{\376\377\131\032\121\103\164\260}{section.3.1}% 28
\BOOKMARK [1][-]{section.3.2}{\376\377\143\245\172\172\225\223}{chapter.3}% 29
\BOOKMARK [2][-]{subsection.3.2.1}{\376\377\000R\000n\000\040\060\156\143\245\172\172\225\223}{section.3.2}% 30
\BOOKMARK [2][-]{subsection.3.2.2}{\376\377\000C\131\032\151\330\117\123\060\156\143\245\172\172\225\223}{section.3.2}% 31
\BOOKMARK [1][-]{section.3.3}{\376\377\000C\121\231\120\317\060\156\137\256\122\006}{chapter.3}% 32
\BOOKMARK [2][-]{subsection.3.3.1}{\376\377\143\245\172\172\225\223\060\156\140\047\214\352}{section.3.3}% 33
\BOOKMARK [1][-]{section.3.4}{\376\377\136\247\152\031\210\150\171\072}{chapter.3}% 34
\BOOKMARK [2][-]{subsection.3.4.1}{\376\377\143\245\060\331\060\257\060\310\060\353\060\156\210\150\171\072}{section.3.4}% 35
\BOOKMARK [2][-]{subsection.3.4.2}{\376\377\137\256\122\006\060\156\136\247\152\031\210\150\171\072}{section.3.4}% 36
\BOOKMARK [2][-]{subsection.3.4.3}{\376\377\136\247\152\031\131\011\143\333\060\156\136\247\152\031\210\150\171\072}{section.3.4}% 37
\BOOKMARK [2][-]{subsection.3.4.4}{\376\377\146\362\175\332\060\156\220\037\136\246\060\331\060\257\060\310\060\353\060\150\060\127\060\146\060\156\143\245\060\331\060\257\060\310\060\353}{section.3.4}% 38
\BOOKMARK [1][-]{section.3.5}{\376\377\143\245\147\137}{chapter.3}% 39
\BOOKMARK [1][-]{section.3.6}{\376\377\060\331\060\257\060\310\060\353\130\064}{chapter.3}% 40
\BOOKMARK [2][-]{subsection.3.6.1}{\376\377\060\331\060\257\060\310\060\353\130\064\060\156\137\256\122\006\060\150\060\127\060\146\060\156\162\171\137\264\116\330\060\121}{section.3.6}% 41
\BOOKMARK [1][-]{section.3.7}{\376\377\117\131\143\245\172\172\225\223}{chapter.3}% 42
\BOOKMARK [2][-]{subsection.3.7.1}{\376\377\117\131\143\245\172\172\225\223\060\156\127\372\136\225}{section.3.7}% 43
\BOOKMARK [2][-]{subsection.3.7.2}{\376\377\136\247\152\031\210\150\171\072}{section.3.7}% 44
\BOOKMARK [1][-]{section.3.8}{\376\377\000C\131\032\151\330\117\123\116\012\060\156\060\306\060\363\060\275\060\353}{chapter.3}% 45
\BOOKMARK [2][-]{subsection.3.8.1}{\376\377\060\306\060\363\060\275\060\353\060\156\117\134\165\050}{section.3.8}% 46
\BOOKMARK [2][-]{subsection.3.8.2}{\376\377\142\020\122\006\210\150\171\072\060\156\131\011\143\333\122\107}{section.3.8}% 47
\BOOKMARK [2][-]{subsection.3.8.3}{\376\377\060\306\060\363\060\275\060\353\130\064}{section.3.8}% 48
\BOOKMARK [0][-]{chapter.4}{\376\377\137\256\122\006\137\142\137\017}{}% 49
\BOOKMARK [1][-]{section.4.1}{\376\377\131\026\172\115\116\343\145\160}{chapter.4}% 50
\BOOKMARK [1][-]{section.4.2}{\376\377\116\244\116\343\137\142\137\017}{chapter.4}% 51
\BOOKMARK [1][-]{section.4.3}{\376\377\000C\131\032\151\330\117\123\116\012\060\156\137\256\122\006\137\142\137\017}{chapter.4}% 52
\BOOKMARK [1][-]{section.4.4}{\376\377\137\256\122\006\137\142\137\017\060\156\157\024\173\227}{chapter.4}% 53
\BOOKMARK [2][-]{subsection.4.4.1}{\376\377\131\026\172\115}{section.4.4}% 54
\BOOKMARK [2][-]{subsection.4.4.2}{\376\377\131\026\137\256\122\006}{section.4.4}% 55
\BOOKMARK [2][-]{subsection.4.4.3}{\376\377\137\025\060\115\142\073\060\127}{section.4.4}% 56
\BOOKMARK [2][-]{subsection.4.4.4}{\376\377\121\205\220\350\172\115\060\150\000L\000i\000e\137\256\122\006}{section.4.4}% 57
\BOOKMARK [1][-]{section.4.5}{\376\377\137\256\122\006\137\142\137\017\060\156\172\115\122\006}{chapter.4}% 58
\BOOKMARK [2][-]{subsection.4.5.1}{\376\377\060\321\060\351\060\263\060\363\060\321\060\257\060\310\060\373\0001\060\156\122\006\122\162}{section.4.5}% 59
\BOOKMARK [2][-]{subsection.4.5.2}{\376\377\131\032\151\330\117\123\060\156\124\021\060\115\116\330\060\121}{section.4.5}% 60
\BOOKMARK [2][-]{subsection.4.5.3}{\376\377\000n\153\041\121\103\131\032\151\330\117\123\116\012\060\156\000n\137\142\137\017\060\156\172\115\122\006}{section.4.5}% 61
\BOOKMARK [1][-]{section.4.6}{\376\377\060\331\060\257\060\310\060\353\172\172\225\223\060\153\120\044\060\222\060\150\060\213\137\256\122\006\137\142\137\017}{chapter.4}% 62
\BOOKMARK [2][-]{subsection.4.6.1}{\376\377\131\026\137\256\122\006}{section.4.6}% 63
\BOOKMARK [2][-]{subsection.4.6.2}{\376\377\131\026\172\115}{section.4.6}% 64
\BOOKMARK [2][-]{subsection.4.6.3}{\376\377\142\354\137\047\172\115}{section.4.6}% 65
\BOOKMARK [0][-]{chapter.5}{\376\377\000H\000o\000d\000g\000e\117\134\165\050\175\040\060\150\000L\000a\000p\000l\000a\000c\000i\000a\000n}{}% 66
\BOOKMARK [1][-]{section.5.1}{\376\377\121\205\172\115\060\150\226\217\117\064}{chapter.5}% 67
\BOOKMARK [2][-]{subsection.5.1.1}{\376\377\121\205\172\115}{section.5.1}% 68
\BOOKMARK [2][-]{subsection.5.1.2}{\376\377\226\217\117\064}{section.5.1}% 69
\BOOKMARK [1][-]{section.5.2}{\376\377\000R\000i\000e\000m\000a\000n\000n\212\010\221\317}{chapter.5}% 70
\BOOKMARK [1][-]{section.5.3}{\376\377\000k\000-\137\142\137\017\060\156\121\205\172\115}{chapter.5}% 71
\BOOKMARK [2][-]{subsection.5.3.1}{\376\377\212\010\221\317\060\153\212\230\134\016\060\125\060\214\060\213\124\014\127\213\121\231\120\317}{section.5.3}% 72
\BOOKMARK [2][-]{subsection.5.3.2}{\376\377\121\161\137\171\212\010\221\317\060\153\212\230\134\016\060\125\060\214\060\213\124\014\127\213\121\231\120\317}{section.5.3}% 73
\BOOKMARK [2][-]{subsection.5.3.3}{\376\377\000k\000-\137\142\137\017\060\156\121\205\172\115}{section.5.3}% 74
\BOOKMARK [1][-]{section.5.4}{\376\377\000H\000o\000d\000g\000e\000\040}{chapter.5}% 75
\BOOKMARK [2][-]{subsection.5.4.1}{\376\377\123\314\133\376\127\372\136\225\060\170\060\156\117\134\165\050}{section.5.4}% 76
\BOOKMARK [1][-]{section.5.5}{\376\377\060\351\060\327\060\351\060\267\060\242\060\363\060\150\212\277\124\214\137\142\137\017}{chapter.5}% 77
\BOOKMARK [2][-]{subsection.5.5.1}{\376\377\226\217\117\064\131\026\137\256\122\006\117\134\165\050\175\040}{section.5.5}% 78
\BOOKMARK [2][-]{subsection.5.5.2}{\376\377\000L\000a\000p\000l\000a\000c\000i\000a\000n}{section.5.5}% 79
\BOOKMARK [2][-]{subsection.5.5.3}{\376\377\000H\000o\000d\000g\000e\060\156\133\232\164\006}{section.5.5}% 80
\BOOKMARK [0][-]{chapter.6}{\376\377\060\333\060\342\060\355\060\270\060\374\060\373\000d\000e\000\040\000R\000h\000a\000m\060\263\060\333\060\342\060\355\060\270\060\374\060\156\175\071\116\313}{}% 81
\BOOKMARK [1][-]{section.6.1}{\376\377\131\032\151\330\117\123\060\156\060\333\060\342\060\355\060\270\060\374}{chapter.6}% 82
\BOOKMARK [2][-]{subsection.6.1.1}{\376\377\123\130\117\123\060\373\116\011\211\322\137\142\122\006\122\162}{section.6.1}% 83
\BOOKMARK [2][-]{subsection.6.1.2}{\376\377\060\333\060\342\060\355\060\270\060\374\177\244}{section.6.1}% 84
\BOOKMARK [1][-]{section.6.2}{\376\377\000d\000e\000\040\000R\000h\000a\000m\060\263\060\333\060\342\060\355\060\270\060\374}{chapter.6}% 85
\BOOKMARK [2][-]{subsection.6.2.1}{\376\377\162\171\165\160\060\333\060\342\060\355\060\270\060\374}{section.6.2}% 86
\BOOKMARK [2][-]{subsection.6.2.2}{\376\377\137\256\122\006\137\142\137\017\060\156\060\301\060\247\060\244\060\363\172\115\122\006\060\150\000S\000t\000o\000k\000e\000s\060\156\133\232\164\006}{section.6.2}% 87
\BOOKMARK [1][-]{section.6.3}{\376\377\000d\000e\000\040\000R\000h\000a\000m\060\156\133\232\164\006}{chapter.6}% 88
\BOOKMARK [2][-]{subsection.6.3.1}{\376\377\000d\000e\000\040\000R\000h\000a\000m\060\263\060\333\060\342\060\355\060\270\060\374}{section.6.3}% 89
\BOOKMARK [2][-]{subsection.6.3.2}{\376\377\000d\000e\000\040\000R\000h\000a\000m\060\156\133\232\164\006}{section.6.3}% 90
\BOOKMARK [0][-]{chapter.7}{\376\377\000R\000i\000e\000m\000a\000n\000n\136\176\117\125\133\146\060\156\175\071\116\313}{}% 91
\BOOKMARK [1][-]{section.7.1}{\376\377\131\032\201\032\130\064}{chapter.7}% 92
\BOOKMARK [1][-]{section.7.2}{\376\377\143\245\175\232\137\142\137\017\060\373\146\362\163\207\137\142\137\017}{chapter.7}% 93
\BOOKMARK [2][-]{subsection.7.2.1}{\376\377\143\245\147\137\060\156\143\245\175\232\060\373\146\362\163\207}{section.7.2}% 94
\BOOKMARK [2][-]{subsection.7.2.2}{\376\377\137\256\122\006\137\142\137\017\060\153\060\210\060\213\000\040\000,\000\040\000R\000\040\060\156\134\100\142\100\210\150\171\072}{section.7.2}% 95
\BOOKMARK [1][-]{section.7.3}{\376\377\000L\000e\000v\000i\000-\000C\000i\000v\000i\000t\000a\143\245\175\232}{chapter.7}% 96
\BOOKMARK [1][-]{section.7.4}{\376\377\143\245\175\232\117\302\145\160\060\153\060\210\060\213\133\232\137\017\123\026}{chapter.7}% 97
\BOOKMARK [2][-]{subsection.7.4.1}{\376\377\060\306\060\363\060\275\060\353\130\064\060\156\121\161\131\011\137\256\122\006}{section.7.4}% 98
\BOOKMARK [2][-]{subsection.7.4.2}{\376\377\146\362\175\332\060\153\154\277\060\143\060\137\121\161\131\011\137\256\122\006}{section.7.4}% 99
\BOOKMARK [2][-]{subsection.7.4.3}{\376\377\156\054\127\060\175\332}{section.7.4}% 100
\BOOKMARK [0][-]{chapter.8}{\376\377\211\007\175\040\131\032\151\330\117\123\060\156\175\071\116\313}{}% 101
\BOOKMARK [1][-]{section.8.1}{\376\377\211\007\175\040\123\026\060\156\151\202\211\201}{chapter.8}% 102
\BOOKMARK [2][-]{subsection.8.1.1}{\376\377\000D\000o\000l\000b\000e\000a\000u\000l\000t\117\134\165\050\175\040}{section.8.1}% 103
\BOOKMARK [2][-]{subsection.8.1.2}{\376\377\151\202\211\007\175\040\151\313\220\040}{section.8.1}% 104
\BOOKMARK [2][-]{subsection.8.1.3}{\376\377\000K\000\344\000h\000l\000e\000r\131\032\151\330\117\123}{section.8.1}% 105
\BOOKMARK [0][-]{chapter.9}{\376\377\060\325\060\241\060\244\060\320\060\374\147\137}{}% 106
\BOOKMARK [1][-]{section.9.1}{\376\377\133\232\177\251\060\156\174\276\133\306\123\026}{chapter.9}% 107
\BOOKMARK [2][-]{subsection.9.1.1}{\376\377\060\325\060\241\060\244\060\320\060\374\147\137\060\156\124\014\127\213}{section.9.1}% 108
\BOOKMARK [2][-]{subsection.9.1.2}{\376\377\122\007\145\255}{section.9.1}% 109
\BOOKMARK [1][-]{section.9.2}{\376\377\131\011\143\333\225\242\145\160}{chapter.9}% 110
\BOOKMARK [2][-]{subsection.9.2.1}{\376\377\151\313\220\040\177\244}{section.9.2}% 111
\BOOKMARK [2][-]{subsection.9.2.2}{\376\377\151\313\220\040\060\156\230\136\122\045}{section.9.2}% 112
\BOOKMARK [1][-]{section.9.3}{\376\377\000G\000-\147\137}{chapter.9}% 113
\BOOKMARK [2][-]{subsection.9.3.1}{\376\377\124\014\117\064\147\137}{section.9.3}% 114
\BOOKMARK [2][-]{subsection.9.3.2}{\376\377\212\230\134\016\147\137}{section.9.3}% 115
\BOOKMARK [1][-]{section.9.4}{\376\377\116\073\147\137}{chapter.9}% 116
\BOOKMARK [1][-]{section.9.5}{\376\377\060\331\060\257\060\310\060\353\147\137}{chapter.9}% 117
\BOOKMARK [2][-]{subsection.9.5.1}{\376\377\134\100\142\100\060\325\060\354\060\374\060\340}{section.9.5}% 118
\BOOKMARK [2][-]{subsection.9.5.2}{\376\377\122\007\145\255\060\156\060\152\060\131\060\331\060\257\060\310\060\353\172\172\225\223}{section.9.5}% 119
\BOOKMARK [2][-]{subsection.9.5.3}{\376\377\060\331\060\257\060\310\060\353\147\137\060\156\212\010\221\317}{section.9.5}% 120
\BOOKMARK [1][-]{section.9.6}{\376\377\060\331\060\257\060\310\060\353\147\137\060\156\151\313\142\020\154\325}{chapter.9}% 121
\BOOKMARK [2][-]{subsection.9.6.1}{\376\377\220\350\122\006\147\137}{section.9.6}% 122
\BOOKMARK [2][-]{subsection.9.6.2}{\376\377\125\106\147\137}{section.9.6}% 123
\BOOKMARK [2][-]{subsection.9.6.3}{\376\377\000W\000h\000i\000t\000n\000e\000y\124\214}{section.9.6}% 124
\BOOKMARK [2][-]{subsection.9.6.4}{\376\377\123\314\133\376\147\137}{section.9.6}% 125
\BOOKMARK [2][-]{subsection.9.6.5}{\376\377\060\306\060\363\060\275\060\353\172\115\147\137}{section.9.6}% 126
\BOOKMARK [0][-]{appendix.A}{\376\377\226\306\124\010\060\150\117\115\166\370\060\156\060\102\060\214\060\123\060\214}{}% 127
\BOOKMARK [1][-]{section.A.1}{\376\377\117\115\166\370\172\172\225\223\060\156\127\017}{appendix.A}% 128
\BOOKMARK [2][-]{subsection.A.1.1}{\376\377\131\313\133\376\214\141\060\150\175\102\133\376\214\141}{section.A.1}% 129
\BOOKMARK [2][-]{subsection.A.1.2}{\376\377\172\115\060\150\124\214}{section.A.1}% 130
\BOOKMARK [2][-]{subsection.A.1.3}{\376\377\173\111\123\026\133\120\060\150\117\131\173\111\123\026\133\120}{section.A.1}% 131
\BOOKMARK [2][-]{subsection.A.1.4}{\376\377\137\025\060\115\142\073\060\127\060\150\142\274\060\127\121\372\060\127}{section.A.1}% 132
\BOOKMARK [2][-]{subsection.A.1.5}{\376\377\123\314\133\376\140\047}{section.A.1}% 133
\BOOKMARK [2][-]{subsection.A.1.6}{\376\377\151\165\226\120\060\150\117\131\151\165\226\120}{section.A.1}% 134
\BOOKMARK [0][-]{appendix.B}{\376\377\131\032\151\330\117\123\060\156\060\102\060\214\060\123\060\214}{}% 135
\BOOKMARK [1][-]{section.B.1}{\376\377\117\115\166\370\131\032\151\330\117\123\060\156\140\047\214\352}{appendix.B}% 136
\BOOKMARK [1][-]{section.B.2}{\376\377\137\256\122\006\151\313\220\040\060\156\151\313\142\020}{appendix.B}% 137
\BOOKMARK [1][-]{section.B.3}{\376\377\220\350\122\006\131\032\151\330\117\123}{appendix.B}% 138
\BOOKMARK [2][-]{subsection.B.3.1}{\376\377\212\230\134\016\212\010\221\317}{section.B.3}% 139
\BOOKMARK [1][-]{section.B.4}{\376\377\226\205\116\330\060\115\131\032\151\330\117\123}{appendix.B}% 140
\BOOKMARK [1][-]{section.B.5}{\376\377\122\233\133\146\174\373\060\150\060\127\060\146\060\156\131\032\151\330\117\123}{appendix.B}% 141
\BOOKMARK [0][-]{appendix.C}{\376\377\116\343\145\160\133\146\060\156\060\102\060\214\060\123\060\214}{}% 142
\BOOKMARK [1][-]{section.C.1}{\376\377\177\244\060\156\156\226\124\014\127\213}{appendix.C}% 143
\BOOKMARK [2][-]{subsection.C.1.1}{\376\377\133\232\177\251}{section.C.1}% 144
\BOOKMARK [2][-]{subsection.C.1.2}{\376\377\150\070\060\150\120\317}{section.C.1}% 145
\BOOKMARK [2][-]{subsection.C.1.3}{\376\377\122\160\117\131\230\136}{section.C.1}% 146
\BOOKMARK [2][-]{subsection.C.1.4}{\376\377\116\041\120\164\122\160\117\131\230\136}{section.C.1}% 147
\BOOKMARK [2][-]{subsection.C.1.5}{\376\377\153\143\211\217\220\350\122\006\177\244}{section.C.1}% 148
\BOOKMARK [2][-]{subsection.C.1.6}{\376\377\166\364\172\115\060\373\123\112\166\364\172\115}{section.C.1}% 149
\BOOKMARK [2][-]{subsection.C.1.7}{\376\377\156\226\124\014\127\213\133\232\164\006}{section.C.1}% 150
\BOOKMARK [1][-]{section.C.2}{\376\377\177\244\060\156\117\134\165\050}{appendix.C}% 151
\BOOKMARK [2][-]{subsection.C.2.1}{\376\377\172\056\060\005\060\156\117\134\165\050}{section.C.2}% 152
\BOOKMARK [2][-]{subsection.C.2.2}{\376\377\177\244\060\156\117\134\165\050\060\153\225\242\060\131\060\213\212\370\133\232\177\251}{section.C.2}% 153
\BOOKMARK [1][-]{section.C.3}{\376\377\164\260}{appendix.C}% 154
\BOOKMARK [2][-]{subsection.C.3.1}{\376\377\220\350\122\006\164\260}{section.C.3}% 155
\BOOKMARK [2][-]{subsection.C.3.2}{\376\377\060\244\060\307\060\242\060\353}{section.C.3}% 156
\BOOKMARK [2][-]{subsection.C.3.3}{\376\377\156\226\124\014\127\213\133\232\164\006}{section.C.3}% 157
\BOOKMARK [2][-]{subsection.C.3.4}{\376\377\164\260\060\156\166\364\172\115}{section.C.3}% 158
\BOOKMARK [2][-]{subsection.C.3.5}{\376\377\116\055\126\375\137\017\122\160\117\131\133\232\164\006}{section.C.3}% 159
\BOOKMARK [1][-]{section.C.4}{\376\377\122\240\177\244}{appendix.C}% 160
\BOOKMARK [2][-]{subsection.C.4.1}{\376\377\122\240\177\244\060\156\165\037\142\020}{section.C.4}% 161
\BOOKMARK [2][-]{subsection.C.4.2}{\376\377\122\240\177\244\060\156\156\226\124\014\127\213}{section.C.4}% 162
\BOOKMARK [2][-]{subsection.C.4.3}{\376\377\122\160\117\131\122\240\177\244}{section.C.4}% 163
\BOOKMARK [2][-]{subsection.C.4.4}{\376\377\156\226\124\014\127\213\133\232\164\006}{section.C.4}% 164
\BOOKMARK [1][-]{section.C.5}{\376\377\166\364\172\115\060\373\166\364\124\214\060\373\201\352\165\061\122\240\177\244}{appendix.C}% 165
\BOOKMARK [2][-]{subsection.C.5.1}{\376\377\146\156\220\115\140\047}{section.C.5}% 166
\BOOKMARK [2][-]{subsection.C.5.2}{\376\377\201\352\165\061\122\240\177\244}{section.C.5}% 167
\BOOKMARK [1][-]{section.C.6}{\376\377\060\331\060\257\060\310\060\353\172\172\225\223}{appendix.C}% 168
\BOOKMARK [2][-]{subsection.C.6.1}{\376\377\226\216\145\160\060\373\220\000\123\026\153\041\145\160\060\156\133\232\164\006}{section.C.6}% 169
\BOOKMARK [2][-]{subsection.C.6.2}{\376\377\122\006\210\302\210\334\230\114\060\150\134\004\137\161\166\204\122\240\177\244}{section.C.6}% 170
\BOOKMARK [0][-]{appendix.D}{\376\377\134\017\142\200\226\306}{}% 171
\BOOKMARK [1][-]{section.D.1}{\376\377\226\306\124\010\060\150\121\231\120\317\060\156\225\242\117\302}{appendix.D}% 172
\BOOKMARK [1][-]{section.D.2}{\376\377\000C\000\040\225\242\145\160\060\156\151\313\142\020}{appendix.D}% 173
\BOOKMARK [0][-]{appendix*.43}{\376\377\123\302\200\003\145\207\163\056}{}% 174
